21:00:22:949  INFO 4036 --- [main] com.hmall.pay.PayApplication             : Starting PayApplication using Java 17.0.12 on TianXuan4 with PID 4036 (C:\Users\86132\Desktop\helv\hmall\pay-service\target\classes started by 86132 in C:\Users\86132\Desktop\helv\hmall)
21:00:22:951 DEBUG 4036 --- [main] com.hmall.pay.PayApplication             : Running with Spring Boot v2.7.12, Spring v5.3.27
21:00:22:952  INFO 4036 --- [main] com.hmall.pay.PayApplication             : The following 1 profile is active: "local"
21:00:23:501  INFO 4036 --- [main] o.s.cloud.context.scope.GenericScope     : BeanFactory id=9b8fdb21-65fb-31d9-8d85-b501d9ab7838
21:00:23:771  INFO 4036 --- [main] o.s.b.w.embedded.tomcat.TomcatWebServer  : Tomcat initialized with port(s): 8086 (http)
21:00:23:778  INFO 4036 --- [main] o.apache.catalina.core.StandardService   : Starting service [Tomcat]
21:00:23:778  INFO 4036 --- [main] org.apache.catalina.core.StandardEngine  : Starting Servlet engine: [Apache Tomcat/9.0.75]
21:00:23:850  INFO 4036 --- [main] o.a.c.c.C.[Tomcat].[localhost].[/]       : Initializing Spring embedded WebApplicationContext
21:00:23:850  INFO 4036 --- [main] w.s.c.ServletWebServerApplicationContext : Root WebApplicationContext: initialization completed in 872 ms
21:00:23:964  INFO 4036 --- [main] o.s.c.openfeign.FeignClientFactoryBean   : For 'user-service' URL not provided. Will try picking an instance via load-balancing.
21:00:24:146  INFO 4036 --- [main] o.s.c.openfeign.FeignClientFactoryBean   : For 'trade-service' URL not provided. Will try picking an instance via load-balancing.
21:00:25:858  INFO 4036 --- [main] o.s.cloud.commons.util.InetUtils         : Cannot determine local hostname
21:00:25:879  INFO 4036 --- [main] pertySourcedRequestMappingHandlerMapping : Mapped URL path [/v2/api-docs] onto method [springfox.documentation.swagger2.web.Swagger2ControllerWebMvc#getDocumentation(String, HttpServletRequest)]
21:00:27:028  INFO 4036 --- [main] o.s.cloud.commons.util.InetUtils         : Cannot determine local hostname
21:00:27:161  INFO 4036 --- [main] com.alibaba.nacos.common.remote.client   : [RpcClientFactory] create a new rpc client of b497ccf3-779f-4c0f-a5d4-f957cd774114
21:00:27:207  INFO 4036 --- [main] org.reflections.Reflections              : Reflections took 18 ms to scan 1 urls, producing 3 keys and 6 values 
21:00:27:228  INFO 4036 --- [main] org.reflections.Reflections              : Reflections took 8 ms to scan 1 urls, producing 4 keys and 9 values 
21:00:27:235  INFO 4036 --- [main] org.reflections.Reflections              : Reflections took 3 ms to scan 1 urls, producing 3 keys and 10 values 
21:00:27:236  WARN 4036 --- [main] org.reflections.Reflections              : given scan urls are empty. set urls in the configuration
21:00:27:240  INFO 4036 --- [main] org.reflections.Reflections              : Reflections took 4 ms to scan 1 urls, producing 1 keys and 5 values 
21:00:27:246  INFO 4036 --- [main] org.reflections.Reflections              : Reflections took 4 ms to scan 1 urls, producing 1 keys and 7 values 
21:00:27:252  INFO 4036 --- [main] org.reflections.Reflections              : Reflections took 4 ms to scan 1 urls, producing 2 keys and 8 values 
21:00:27:253  WARN 4036 --- [main] org.reflections.Reflections              : given scan urls are empty. set urls in the configuration
21:00:27:253  INFO 4036 --- [main] com.alibaba.nacos.common.remote.client   : [b497ccf3-779f-4c0f-a5d4-f957cd774114] RpcClient init label, labels = {module=naming, source=sdk}
21:00:27:254  INFO 4036 --- [main] com.alibaba.nacos.common.remote.client   : [b497ccf3-779f-4c0f-a5d4-f957cd774114] RpcClient init, ServerListFactory = com.alibaba.nacos.client.naming.core.ServerListManager
21:00:27:254  INFO 4036 --- [main] com.alibaba.nacos.common.remote.client   : [b497ccf3-779f-4c0f-a5d4-f957cd774114] Registry connection listener to current client:com.alibaba.nacos.client.naming.remote.gprc.redo.NamingGrpcRedoService
21:00:27:255  INFO 4036 --- [main] com.alibaba.nacos.common.remote.client   : [b497ccf3-779f-4c0f-a5d4-f957cd774114] Register server push request handler:com.alibaba.nacos.client.naming.remote.gprc.NamingPushRequestHandler
21:00:27:256  INFO 4036 --- [main] com.alibaba.nacos.common.remote.client   : [b497ccf3-779f-4c0f-a5d4-f957cd774114] Try to connect to server on start up, server: {serverIp = '192.168.200.131', server main port = 8848}
21:00:28:004  INFO 4036 --- [main] com.alibaba.nacos.common.remote.client   : [b497ccf3-779f-4c0f-a5d4-f957cd774114] Success to connect to server [192.168.200.131:8848] on start up, connectionId = 1732798827721_192.168.200.1_65392
21:00:28:004  INFO 4036 --- [com.alibaba.nacos.client.remote.worker] com.alibaba.nacos.common.remote.client   : [b497ccf3-779f-4c0f-a5d4-f957cd774114] Notify connected event to listeners.
21:00:28:005  INFO 4036 --- [main] com.alibaba.nacos.common.remote.client   : [b497ccf3-779f-4c0f-a5d4-f957cd774114] Register server push request handler:com.alibaba.nacos.common.remote.client.RpcClient$ConnectResetRequestHandler
21:00:28:005  INFO 4036 --- [main] com.alibaba.nacos.common.remote.client   : [b497ccf3-779f-4c0f-a5d4-f957cd774114] Register server push request handler:com.alibaba.nacos.common.remote.client.RpcClient$$Lambda$1086/0x000001bc8f8458e0
21:00:28:050  INFO 4036 --- [main] o.s.b.w.embedded.tomcat.TomcatWebServer  : Tomcat started on port(s): 8086 (http) with context path ''
21:00:28:118  INFO 4036 --- [main] c.a.c.n.registry.NacosServiceRegistry    : nacos registry, DEFAULT_GROUP pay-service 192.168.200.239:8086 register finished
21:00:28:575  INFO 4036 --- [nacos-grpc-client-executor-11] com.alibaba.nacos.common.remote.client   : [b497ccf3-779f-4c0f-a5d4-f957cd774114] Receive server push request, request = NotifySubscriberRequest, requestId = 2
21:00:28:577  INFO 4036 --- [nacos-grpc-client-executor-11] com.alibaba.nacos.common.remote.client   : [b497ccf3-779f-4c0f-a5d4-f957cd774114] Ack server push request, request = NotifySubscriberRequest, requestId = 2
21:00:29:210  INFO 4036 --- [main] o.s.cloud.commons.util.InetUtils         : Cannot determine local hostname
21:00:29:211  INFO 4036 --- [main] d.s.w.p.DocumentationPluginsBootstrapper : Documentation plugins bootstrapped
21:00:29:213  INFO 4036 --- [main] d.s.w.p.DocumentationPluginsBootstrapper : Found 1 custom documentation plugin(s)
21:00:29:225  INFO 4036 --- [main] s.d.s.w.s.ApiListingReferenceScanner     : Scanning for api listing references
21:00:29:273  INFO 4036 --- [main] com.hmall.pay.PayApplication             : Started PayApplication in 7.711 seconds (JVM running for 8.111)
21:22:13:373  WARN 4036 --- [Thread-7] c.a.n.common.http.HttpClientBeanHolder   : [HttpClientBeanHolder] Start destroying common HttpClient
21:22:13:373  WARN 4036 --- [Thread-4] c.a.nacos.common.notify.NotifyCenter     : [NotifyCenter] Start destroying Publisher
21:22:13:375  WARN 4036 --- [Thread-4] c.a.nacos.common.notify.NotifyCenter     : [NotifyCenter] Destruction of the end
21:22:13:375  WARN 4036 --- [Thread-7] c.a.n.common.http.HttpClientBeanHolder   : [HttpClientBeanHolder] Destruction of the end
21:22:13:424  INFO 4036 --- [SpringApplicationShutdownHook] c.a.c.n.registry.NacosServiceRegistry    : De-registering from Nacos Server now...
21:22:13:429  INFO 4036 --- [SpringApplicationShutdownHook] c.a.c.n.registry.NacosServiceRegistry    : De-registration finished.
21:22:13:762  INFO 4036 --- [SpringApplicationShutdownHook] com.alibaba.nacos.common.remote.client   : Shutdown rpc client, set status to shutdown
21:22:13:762  INFO 4036 --- [SpringApplicationShutdownHook] com.alibaba.nacos.common.remote.client   : Shutdown client event executor java.util.concurrent.ScheduledThreadPoolExecutor@79cb4b6a[Running, pool size = 2, active threads = 2, queued tasks = 0, completed tasks = 0]
21:22:13:762  INFO 4036 --- [SpringApplicationShutdownHook] com.alibaba.nacos.common.remote.client   : Close current connection 1732798827721_192.168.200.1_65392
21:22:13:767  INFO 4036 --- [SpringApplicationShutdownHook] c.a.n.c.remote.client.grpc.GrpcClient    : Shutdown grpc executor java.util.concurrent.ThreadPoolExecutor@5591ed70[Running, pool size = 4, active threads = 0, queued tasks = 0, completed tasks = 322]
