17:18:34:728  INFO 27300 --- [main] com.hmall.HMallApplication               : Starting HMallApplication using Java 18.0.1 on TianXuan4 with PID 27300 (C:\Users\86132\Desktop\helv\hmall\hm-service\target\classes started by 86132 in C:\Users\86132\Desktop\helv\hmall)
17:18:34:734 DEBUG 27300 --- [main] com.hmall.HMallApplication               : Running with Spring Boot v2.7.12, Spring v5.3.27
17:18:34:734  INFO 27300 --- [main] com.hmall.HMallApplication               : The following 1 profile is active: "local"
17:18:35:925  INFO 27300 --- [main] .s.d.r.c.RepositoryConfigurationDelegate : Multiple Spring Data modules found, entering strict repository configuration mode
17:18:35:931  INFO 27300 --- [main] .s.d.r.c.RepositoryConfigurationDelegate : Bootstrapping Spring Data Redis repositories in DEFAULT mode.
17:18:35:982  INFO 27300 --- [main] .s.d.r.c.RepositoryConfigurationDelegate : Finished Spring Data repository scanning in 21 ms. Found 0 Redis repository interfaces.
17:18:37:003  INFO 27300 --- [main] o.s.b.w.embedded.tomcat.TomcatWebServer  : Tomcat initialized with port(s): 8080 (http)
17:18:37:019  INFO 27300 --- [main] o.apache.catalina.core.StandardService   : Starting service [Tomcat]
17:18:37:019  INFO 27300 --- [main] org.apache.catalina.core.StandardEngine  : Starting Servlet engine: [Apache Tomcat/9.0.75]
17:18:37:233  INFO 27300 --- [main] o.a.c.c.C.[Tomcat].[localhost].[/]       : Initializing Spring embedded WebApplicationContext
17:18:37:233  INFO 27300 --- [main] w.s.c.ServletWebServerApplicationContext : Root WebApplicationContext: initialization completed in 2424 ms
17:18:39:729  INFO 27300 --- [main] pertySourcedRequestMappingHandlerMapping : Mapped URL path [/v2/api-docs] onto method [springfox.documentation.swagger2.web.Swagger2ControllerWebMvc#getDocumentation(String, HttpServletRequest)]
17:18:40:433  INFO 27300 --- [main] o.s.b.w.embedded.tomcat.TomcatWebServer  : Tomcat started on port(s): 8080 (http) with context path ''
17:18:40:434  INFO 27300 --- [main] d.s.w.p.DocumentationPluginsBootstrapper : Documentation plugins bootstrapped
17:18:40:438  INFO 27300 --- [main] d.s.w.p.DocumentationPluginsBootstrapper : Found 1 custom documentation plugin(s)
17:18:40:493  INFO 27300 --- [main] s.d.s.w.s.ApiListingReferenceScanner     : Scanning for api listing references
17:18:40:857  INFO 27300 --- [main] com.hmall.HMallApplication               : Started HMallApplication in 6.696 seconds (JVM running for 7.781)
17:19:04:483  INFO 27300 --- [http-nio-8080-exec-1] o.a.c.c.C.[Tomcat].[localhost].[/]       : Initializing Spring DispatcherServlet 'dispatcherServlet'
17:19:04:483  INFO 27300 --- [http-nio-8080-exec-1] o.s.web.servlet.DispatcherServlet        : Initializing Servlet 'dispatcherServlet'
17:19:04:487  INFO 27300 --- [http-nio-8080-exec-1] o.s.web.servlet.DispatcherServlet        : Completed initialization in 3 ms
