14:17:51:453  INFO 23372 --- [main] com.hmall.cart.CartApplication           : The following 1 profile is active: "local"
14:17:52:109  INFO 23372 --- [main] o.s.cloud.context.scope.GenericScope     : BeanFactory id=d17f225b-61e3-3c63-ae78-01deef67d385
14:17:52:149  INFO 23372 --- [main] trationDelegate$BeanPostProcessorChecker : Bean 'io.seata.spring.boot.autoconfigure.SeataCoreAutoConfiguration' of type [io.seata.spring.boot.autoconfigure.SeataCoreAutoConfiguration] is not eligible for getting processed by all BeanPostProcessors (for example: not eligible for auto-proxying)
14:17:52:149  INFO 23372 --- [main] trationDelegate$BeanPostProcessorChecker : Bean 'springApplicationContextProvider' of type [io.seata.spring.boot.autoconfigure.provider.SpringApplicationContextProvider] is not eligible for getting processed by all BeanPostProcessors (for example: not eligible for auto-proxying)
14:17:52:149  INFO 23372 --- [main] trationDelegate$BeanPostProcessorChecker : Bean 'io.seata.spring.boot.autoconfigure.SeataAutoConfiguration' of type [io.seata.spring.boot.autoconfigure.SeataAutoConfiguration] is not eligible for getting processed by all BeanPostProcessors (for example: not eligible for auto-proxying)
14:17:52:183  INFO 23372 --- [main] trationDelegate$BeanPostProcessorChecker : Bean 'failureHandler' of type [io.seata.tm.api.DefaultFailureHandlerImpl] is not eligible for getting processed by all BeanPostProcessors (for example: not eligible for auto-proxying)
14:17:52:186  INFO 23372 --- [main] trationDelegate$BeanPostProcessorChecker : Bean 'org.springframework.cloud.commons.config.CommonsConfigAutoConfiguration' of type [org.springframework.cloud.commons.config.CommonsConfigAutoConfiguration] is not eligible for getting processed by all BeanPostProcessors (for example: not eligible for auto-proxying)
14:17:52:187  INFO 23372 --- [main] trationDelegate$BeanPostProcessorChecker : Bean 'org.springframework.cloud.client.loadbalancer.LoadBalancerDefaultMappingsProviderAutoConfiguration' of type [org.springframework.cloud.client.loadbalancer.LoadBalancerDefaultMappingsProviderAutoConfiguration] is not eligible for getting processed by all BeanPostProcessors (for example: not eligible for auto-proxying)
14:17:52:187  INFO 23372 --- [main] trationDelegate$BeanPostProcessorChecker : Bean 'loadBalancerClientsDefaultsMappingsProvider' of type [org.springframework.cloud.client.loadbalancer.LoadBalancerDefaultMappingsProviderAutoConfiguration$$Lambda$575/0x0000021b155ea6a0] is not eligible for getting processed by all BeanPostProcessors (for example: not eligible for auto-proxying)
14:17:52:187  INFO 23372 --- [main] trationDelegate$BeanPostProcessorChecker : Bean 'defaultsBindHandlerAdvisor' of type [org.springframework.cloud.commons.config.DefaultsBindHandlerAdvisor] is not eligible for getting processed by all BeanPostProcessors (for example: not eligible for auto-proxying)
14:17:52:189  INFO 23372 --- [main] trationDelegate$BeanPostProcessorChecker : Bean 'springCloudAlibabaConfiguration' of type [io.seata.spring.boot.autoconfigure.properties.SpringCloudAlibabaConfiguration] is not eligible for getting processed by all BeanPostProcessors (for example: not eligible for auto-proxying)
14:17:52:191  INFO 23372 --- [main] trationDelegate$BeanPostProcessorChecker : Bean 'seataProperties' of type [io.seata.spring.boot.autoconfigure.properties.SeataProperties] is not eligible for getting processed by all BeanPostProcessors (for example: not eligible for auto-proxying)
14:17:52:191  INFO 23372 --- [main] i.s.s.b.a.SeataAutoConfiguration         : Automatically configure Seata
14:17:52:234  INFO 23372 --- [main] io.seata.config.ConfigurationFactory     : load Configuration from :Spring Configuration
14:17:52:238  INFO 23372 --- [main] io.seata.config.ConfigurationFactory     : load Configuration from :Spring Configuration
14:17:52:280  INFO 23372 --- [main] i.s.s.a.GlobalTransactionScanner         : Initializing Global Transaction Clients ... 
14:17:52:327  INFO 23372 --- [main] i.s.core.rpc.netty.NettyClientBootstrap  : NettyClientBootstrap has started
14:17:52:676  INFO 23372 --- [main] com.alibaba.nacos.common.remote.client   : [RpcClientFactory] create a new rpc client of 706fe142-1ea1-45d3-9f9d-c87d924a9294
14:17:52:676  INFO 23372 --- [main] com.alibaba.nacos.common.remote.client   : [706fe142-1ea1-45d3-9f9d-c87d924a9294] RpcClient init label, labels = {module=naming, source=sdk}
14:17:52:677  INFO 23372 --- [main] com.alibaba.nacos.common.remote.client   : [706fe142-1ea1-45d3-9f9d-c87d924a9294] RpcClient init, ServerListFactory = com.alibaba.nacos.client.naming.core.ServerListManager
14:17:52:677  INFO 23372 --- [main] com.alibaba.nacos.common.remote.client   : [706fe142-1ea1-45d3-9f9d-c87d924a9294] Registry connection listener to current client:com.alibaba.nacos.client.naming.remote.gprc.redo.NamingGrpcRedoService
14:17:52:678  INFO 23372 --- [main] com.alibaba.nacos.common.remote.client   : [706fe142-1ea1-45d3-9f9d-c87d924a9294] Register server push request handler:com.alibaba.nacos.client.naming.remote.gprc.NamingPushRequestHandler
14:17:52:678  INFO 23372 --- [main] com.alibaba.nacos.common.remote.client   : [706fe142-1ea1-45d3-9f9d-c87d924a9294] Try to connect to server on start up, server: {serverIp = '192.168.200.131', server main port = 8848}
14:17:52:800  INFO 23372 --- [main] com.alibaba.nacos.common.remote.client   : [706fe142-1ea1-45d3-9f9d-c87d924a9294] Success to connect to server [192.168.200.131:8848] on start up, connectionId = 1732688272507_192.168.200.1_50393
14:17:52:800  INFO 23372 --- [main] com.alibaba.nacos.common.remote.client   : [706fe142-1ea1-45d3-9f9d-c87d924a9294] Register server push request handler:com.alibaba.nacos.common.remote.client.RpcClient$ConnectResetRequestHandler
14:17:52:800  INFO 23372 --- [com.alibaba.nacos.client.remote.worker] com.alibaba.nacos.common.remote.client   : [706fe142-1ea1-45d3-9f9d-c87d924a9294] Notify connected event to listeners.
14:17:52:800  INFO 23372 --- [main] com.alibaba.nacos.common.remote.client   : [706fe142-1ea1-45d3-9f9d-c87d924a9294] Register server push request handler:com.alibaba.nacos.common.remote.client.RpcClient$$Lambda$484/0x0000021b154ce9a8
14:17:52:825 ERROR 23372 --- [main] i.s.c.r.netty.NettyClientChannelManager  : no available service found in cluster 'default', please make sure registry config correct and keep your seata server running
14:17:52:825  INFO 23372 --- [main] i.s.s.a.GlobalTransactionScanner         : Transaction Manager Client is initialized. applicationId[cart-service] txServiceGroup[hmall]
14:17:52:832  INFO 23372 --- [main] io.seata.rm.datasource.AsyncWorker       : Async Commit Buffer Limit: 10000
14:17:52:832  INFO 23372 --- [main] i.s.rm.datasource.xa.ResourceManagerXA   : ResourceManagerXA init ...
14:17:52:836  INFO 23372 --- [main] i.s.core.rpc.netty.NettyClientBootstrap  : NettyClientBootstrap has started
14:17:52:836  INFO 23372 --- [main] i.s.s.a.GlobalTransactionScanner         : Resource Manager is initialized. applicationId[cart-service] txServiceGroup[hmall]
14:17:52:837  INFO 23372 --- [main] i.s.s.a.GlobalTransactionScanner         : Global Transaction Clients are initialized. 
14:17:52:838  INFO 23372 --- [main] trationDelegate$BeanPostProcessorChecker : Bean 'io.seata.spring.boot.autoconfigure.SeataDataSourceAutoConfiguration' of type [io.seata.spring.boot.autoconfigure.SeataDataSourceAutoConfiguration] is not eligible for getting processed by all BeanPostProcessors (for example: not eligible for auto-proxying)
14:17:53:028  INFO 23372 --- [main] trationDelegate$BeanPostProcessorChecker : Bean 'com.alibaba.cloud.seata.feign.SeataFeignClientAutoConfiguration$FeignBeanPostProcessorConfiguration' of type [com.alibaba.cloud.seata.feign.SeataFeignClientAutoConfiguration$FeignBeanPostProcessorConfiguration] is not eligible for getting processed by all BeanPostProcessors (for example: not eligible for auto-proxying)
14:17:53:029  INFO 23372 --- [main] trationDelegate$BeanPostProcessorChecker : Bean 'seataFeignObjectWrapper' of type [com.alibaba.cloud.seata.feign.SeataFeignObjectWrapper] is not eligible for getting processed by all BeanPostProcessors (for example: not eligible for auto-proxying)
14:17:53:170  INFO 23372 --- [main] o.s.b.w.embedded.tomcat.TomcatWebServer  : Tomcat initialized with port(s): 8082 (http)
14:17:53:176  INFO 23372 --- [main] o.apache.catalina.core.StandardService   : Starting service [Tomcat]
14:17:53:177  INFO 23372 --- [main] org.apache.catalina.core.StandardEngine  : Starting Servlet engine: [Apache Tomcat/9.0.75]
14:17:53:247  INFO 23372 --- [main] o.a.c.c.C.[Tomcat].[localhost].[/]       : Initializing Spring embedded WebApplicationContext
14:17:53:247  INFO 23372 --- [main] w.s.c.ServletWebServerApplicationContext : Root WebApplicationContext: initialization completed in 1771 ms
14:17:53:375  INFO 23372 --- [nacos-grpc-client-executor-5] com.alibaba.nacos.common.remote.client   : [706fe142-1ea1-45d3-9f9d-c87d924a9294] Receive server push request, request = NotifySubscriberRequest, requestId = 20
14:17:53:376  INFO 23372 --- [nacos-grpc-client-executor-5] com.alibaba.nacos.common.remote.client   : [706fe142-1ea1-45d3-9f9d-c87d924a9294] Ack server push request, request = NotifySubscriberRequest, requestId = 20
14:17:53:441  INFO 23372 --- [main] o.s.c.openfeign.FeignClientFactoryBean   : For 'item-service' URL not provided. Will try picking an instance via load-balancing.
14:17:54:692  INFO 23372 --- [main] o.s.cloud.commons.util.InetUtils         : Cannot determine local hostname
14:17:55:819  INFO 23372 --- [main] o.s.cloud.commons.util.InetUtils         : Cannot determine local hostname
14:17:55:922  INFO 23372 --- [main] com.zaxxer.hikari.HikariDataSource       : HikariPool-1 - Starting...
14:17:56:287  INFO 23372 --- [main] com.zaxxer.hikari.HikariDataSource       : HikariPool-1 - Start completed.
14:17:56:299 ERROR 23372 --- [main] i.s.c.r.netty.NettyClientChannelManager  : no available service found in cluster 'default', please make sure registry config correct and keep your seata server running
14:17:56:614  INFO 23372 --- [main] c.a.c.sentinel.SentinelWebMvcConfigurer  : [Sentinel Starter] register SentinelWebInterceptor with urlPatterns: [/**].
14:17:56:842  INFO 23372 --- [main] pertySourcedRequestMappingHandlerMapping : Mapped URL path [/v2/api-docs] onto method [springfox.documentation.swagger2.web.Swagger2ControllerWebMvc#getDocumentation(String, HttpServletRequest)]
14:17:56:945  INFO 23372 --- [main] com.alibaba.nacos.common.remote.client   : [RpcClientFactory] create a new rpc client of 5664f069-d29a-468b-9378-e477ea858c7b
14:17:56:945  INFO 23372 --- [main] com.alibaba.nacos.common.remote.client   : [5664f069-d29a-468b-9378-e477ea858c7b] RpcClient init label, labels = {module=naming, source=sdk}
14:17:56:945  INFO 23372 --- [main] com.alibaba.nacos.common.remote.client   : [5664f069-d29a-468b-9378-e477ea858c7b] RpcClient init, ServerListFactory = com.alibaba.nacos.client.naming.core.ServerListManager
14:17:56:945  INFO 23372 --- [main] com.alibaba.nacos.common.remote.client   : [5664f069-d29a-468b-9378-e477ea858c7b] Registry connection listener to current client:com.alibaba.nacos.client.naming.remote.gprc.redo.NamingGrpcRedoService
14:17:56:945  INFO 23372 --- [main] com.alibaba.nacos.common.remote.client   : [5664f069-d29a-468b-9378-e477ea858c7b] Register server push request handler:com.alibaba.nacos.client.naming.remote.gprc.NamingPushRequestHandler
14:17:56:945  INFO 23372 --- [main] com.alibaba.nacos.common.remote.client   : [5664f069-d29a-468b-9378-e477ea858c7b] Try to connect to server on start up, server: {serverIp = '192.168.200.131', server main port = 8848}
14:17:57:060  INFO 23372 --- [main] com.alibaba.nacos.common.remote.client   : [5664f069-d29a-468b-9378-e477ea858c7b] Success to connect to server [192.168.200.131:8848] on start up, connectionId = 1732688276774_192.168.200.1_50405
14:17:57:060  INFO 23372 --- [com.alibaba.nacos.client.remote.worker] com.alibaba.nacos.common.remote.client   : [5664f069-d29a-468b-9378-e477ea858c7b] Notify connected event to listeners.
14:17:57:060  INFO 23372 --- [main] com.alibaba.nacos.common.remote.client   : [5664f069-d29a-468b-9378-e477ea858c7b] Register server push request handler:com.alibaba.nacos.common.remote.client.RpcClient$ConnectResetRequestHandler
14:17:57:060  INFO 23372 --- [main] com.alibaba.nacos.common.remote.client   : [5664f069-d29a-468b-9378-e477ea858c7b] Register server push request handler:com.alibaba.nacos.common.remote.client.RpcClient$$Lambda$484/0x0000021b154ce9a8
14:17:57:083  INFO 23372 --- [main] o.s.b.w.embedded.tomcat.TomcatWebServer  : Tomcat started on port(s): 8082 (http) with context path ''
14:17:57:679  INFO 23372 --- [nacos-grpc-client-executor-5] com.alibaba.nacos.common.remote.client   : [5664f069-d29a-468b-9378-e477ea858c7b] Receive server push request, request = NotifySubscriberRequest, requestId = 21
14:17:57:682  INFO 23372 --- [nacos-grpc-client-executor-5] com.alibaba.nacos.common.remote.client   : [5664f069-d29a-468b-9378-e477ea858c7b] Ack server push request, request = NotifySubscriberRequest, requestId = 21
14:17:58:180  INFO 23372 --- [main] o.s.cloud.commons.util.InetUtils         : Cannot determine local hostname
14:17:58:190  INFO 23372 --- [main] c.a.c.n.registry.NacosServiceRegistry    : nacos registry, DEFAULT_GROUP cart-service 192.168.251.239:8082 register finished
14:17:58:191  INFO 23372 --- [main] d.s.w.p.DocumentationPluginsBootstrapper : Documentation plugins bootstrapped
14:17:58:193  INFO 23372 --- [main] d.s.w.p.DocumentationPluginsBootstrapper : Found 1 custom documentation plugin(s)
14:17:58:209  INFO 23372 --- [main] s.d.s.w.s.ApiListingReferenceScanner     : Scanning for api listing references
14:17:58:266  INFO 23372 --- [main] com.hmall.cart.CartApplication           : Started CartApplication in 10.465 seconds (JVM running for 10.827)
14:17:58:270  INFO 23372 --- [main] c.a.c.n.refresh.NacosContextRefresher    : [Nacos Config] Listening config: dataId=cart-service, group=DEFAULT_GROUP
14:17:58:270  INFO 23372 --- [main] c.a.c.n.refresh.NacosContextRefresher    : [Nacos Config] Listening config: dataId=cart-service.yaml, group=DEFAULT_GROUP
14:17:58:270  INFO 23372 --- [main] c.a.c.n.refresh.NacosContextRefresher    : [Nacos Config] Listening config: dataId=cart-service-local.yaml, group=DEFAULT_GROUP
14:17:58:766  INFO 23372 --- [nacos-grpc-client-executor-9] com.alibaba.nacos.common.remote.client   : [5664f069-d29a-468b-9378-e477ea858c7b] Receive server push request, request = NotifySubscriberRequest, requestId = 22
14:17:58:768  INFO 23372 --- [nacos-grpc-client-executor-9] com.alibaba.nacos.common.remote.client   : [5664f069-d29a-468b-9378-e477ea858c7b] Ack server push request, request = NotifySubscriberRequest, requestId = 22
14:18:52:323 ERROR 23372 --- [timeoutChecker_1_1] i.s.c.r.netty.NettyClientChannelManager  : no available service found in cluster 'default', please make sure registry config correct and keep your seata server running
14:18:52:839 ERROR 23372 --- [timeoutChecker_2_1] i.s.c.r.netty.NettyClientChannelManager  : no available service found in cluster 'default', please make sure registry config correct and keep your seata server running
14:19:02:323 ERROR 23372 --- [timeoutChecker_1_1] i.s.c.r.netty.NettyClientChannelManager  : no available service found in cluster 'default', please make sure registry config correct and keep your seata server running
14:19:02:837 ERROR 23372 --- [timeoutChecker_2_1] i.s.c.r.netty.NettyClientChannelManager  : no available service found in cluster 'default', please make sure registry config correct and keep your seata server running
14:19:12:322 ERROR 23372 --- [timeoutChecker_1_1] i.s.c.r.netty.NettyClientChannelManager  : no available service found in cluster 'default', please make sure registry config correct and keep your seata server running
14:19:12:837 ERROR 23372 --- [timeoutChecker_2_1] i.s.c.r.netty.NettyClientChannelManager  : no available service found in cluster 'default', please make sure registry config correct and keep your seata server running
14:19:22:323 ERROR 23372 --- [timeoutChecker_1_1] i.s.c.r.netty.NettyClientChannelManager  : no available service found in cluster 'default', please make sure registry config correct and keep your seata server running
14:19:22:837 ERROR 23372 --- [timeoutChecker_2_1] i.s.c.r.netty.NettyClientChannelManager  : no available service found in cluster 'default', please make sure registry config correct and keep your seata server running
14:19:32:323 ERROR 23372 --- [timeoutChecker_1_1] i.s.c.r.netty.NettyClientChannelManager  : no available service found in cluster 'default', please make sure registry config correct and keep your seata server running
14:19:32:849 ERROR 23372 --- [timeoutChecker_2_1] i.s.c.r.netty.NettyClientChannelManager  : no available service found in cluster 'default', please make sure registry config correct and keep your seata server running
14:19:42:322 ERROR 23372 --- [timeoutChecker_1_1] i.s.c.r.netty.NettyClientChannelManager  : no available service found in cluster 'default', please make sure registry config correct and keep your seata server running
14:19:42:837 ERROR 23372 --- [timeoutChecker_2_1] i.s.c.r.netty.NettyClientChannelManager  : no available service found in cluster 'default', please make sure registry config correct and keep your seata server running
14:19:52:323 ERROR 23372 --- [timeoutChecker_1_1] i.s.c.r.netty.NettyClientChannelManager  : no available service found in cluster 'default', please make sure registry config correct and keep your seata server running
14:19:52:837 ERROR 23372 --- [timeoutChecker_2_1] i.s.c.r.netty.NettyClientChannelManager  : no available service found in cluster 'default', please make sure registry config correct and keep your seata server running
14:20:02:323 ERROR 23372 --- [timeoutChecker_1_1] i.s.c.r.netty.NettyClientChannelManager  : no available service found in cluster 'default', please make sure registry config correct and keep your seata server running
14:20:02:847 ERROR 23372 --- [timeoutChecker_2_1] i.s.c.r.netty.NettyClientChannelManager  : no available service found in cluster 'default', please make sure registry config correct and keep your seata server running
14:20:12:323 ERROR 23372 --- [timeoutChecker_1_1] i.s.c.r.netty.NettyClientChannelManager  : no available service found in cluster 'default', please make sure registry config correct and keep your seata server running
14:20:12:842 ERROR 23372 --- [timeoutChecker_2_1] i.s.c.r.netty.NettyClientChannelManager  : no available service found in cluster 'default', please make sure registry config correct and keep your seata server running
14:20:22:322 ERROR 23372 --- [timeoutChecker_1_1] i.s.c.r.netty.NettyClientChannelManager  : no available service found in cluster 'default', please make sure registry config correct and keep your seata server running
14:20:22:837 ERROR 23372 --- [timeoutChecker_2_1] i.s.c.r.netty.NettyClientChannelManager  : no available service found in cluster 'default', please make sure registry config correct and keep your seata server running
14:20:32:322 ERROR 23372 --- [timeoutChecker_1_1] i.s.c.r.netty.NettyClientChannelManager  : no available service found in cluster 'default', please make sure registry config correct and keep your seata server running
14:20:32:837 ERROR 23372 --- [timeoutChecker_2_1] i.s.c.r.netty.NettyClientChannelManager  : no available service found in cluster 'default', please make sure registry config correct and keep your seata server running
14:20:42:323 ERROR 23372 --- [timeoutChecker_1_1] i.s.c.r.netty.NettyClientChannelManager  : no available service found in cluster 'default', please make sure registry config correct and keep your seata server running
14:20:42:845 ERROR 23372 --- [timeoutChecker_2_1] i.s.c.r.netty.NettyClientChannelManager  : no available service found in cluster 'default', please make sure registry config correct and keep your seata server running
14:20:52:323 ERROR 23372 --- [timeoutChecker_1_1] i.s.c.r.netty.NettyClientChannelManager  : no available service found in cluster 'default', please make sure registry config correct and keep your seata server running
14:20:52:837 ERROR 23372 --- [timeoutChecker_2_1] i.s.c.r.netty.NettyClientChannelManager  : no available service found in cluster 'default', please make sure registry config correct and keep your seata server running
14:21:02:323 ERROR 23372 --- [timeoutChecker_1_1] i.s.c.r.netty.NettyClientChannelManager  : no available service found in cluster 'default', please make sure registry config correct and keep your seata server running
14:21:02:837 ERROR 23372 --- [timeoutChecker_2_1] i.s.c.r.netty.NettyClientChannelManager  : no available service found in cluster 'default', please make sure registry config correct and keep your seata server running
14:21:12:323 ERROR 23372 --- [timeoutChecker_1_1] i.s.c.r.netty.NettyClientChannelManager  : no available service found in cluster 'default', please make sure registry config correct and keep your seata server running
14:21:12:847 ERROR 23372 --- [timeoutChecker_2_1] i.s.c.r.netty.NettyClientChannelManager  : no available service found in cluster 'default', please make sure registry config correct and keep your seata server running
14:21:22:326 ERROR 23372 --- [timeoutChecker_1_1] i.s.c.r.netty.NettyClientChannelManager  : no available service found in cluster 'default', please make sure registry config correct and keep your seata server running
14:21:22:850 ERROR 23372 --- [timeoutChecker_2_1] i.s.c.r.netty.NettyClientChannelManager  : no available service found in cluster 'default', please make sure registry config correct and keep your seata server running
14:21:25:210  WARN 23372 --- [Thread-5] c.a.nacos.common.notify.NotifyCenter     : [NotifyCenter] Start destroying Publisher
14:21:25:210  WARN 23372 --- [Thread-5] c.a.nacos.common.notify.NotifyCenter     : [NotifyCenter] Destruction of the end
14:21:25:210  WARN 23372 --- [Thread-1] c.a.n.common.http.HttpClientBeanHolder   : [HttpClientBeanHolder] Start destroying common HttpClient
14:21:25:211  WARN 23372 --- [Thread-1] c.a.n.common.http.HttpClientBeanHolder   : [HttpClientBeanHolder] Destruction of the end
14:21:25:233  INFO 23372 --- [SpringContextShutdownHook] c.a.c.n.registry.NacosServiceRegistry    : De-registering from Nacos Server now...
14:21:25:239  INFO 23372 --- [SpringContextShutdownHook] c.a.c.n.registry.NacosServiceRegistry    : De-registration finished.
14:21:25:544  INFO 23372 --- [SpringContextShutdownHook] com.alibaba.nacos.common.remote.client   : Shutdown rpc client, set status to shutdown
14:21:25:544  INFO 23372 --- [SpringContextShutdownHook] com.alibaba.nacos.common.remote.client   : Shutdown client event executor java.util.concurrent.ScheduledThreadPoolExecutor@45a780e2[Running, pool size = 2, active threads = 2, queued tasks = 0, completed tasks = 0]
14:21:25:544  INFO 23372 --- [SpringContextShutdownHook] com.alibaba.nacos.common.remote.client   : Close current connection 1732688276774_192.168.200.1_50405
14:21:25:547  INFO 23372 --- [SpringContextShutdownHook] c.a.n.c.remote.client.grpc.GrpcClient    : Shutdown grpc executor java.util.concurrent.ThreadPoolExecutor@1cf41ab4[Running, pool size = 4, active threads = 0, queued tasks = 0, completed tasks = 57]
14:21:25:550  INFO 23372 --- [SpringContextShutdownHook] com.zaxxer.hikari.HikariDataSource       : HikariPool-1 - Shutdown initiated...
14:21:25:561  INFO 23372 --- [SpringContextShutdownHook] com.zaxxer.hikari.HikariDataSource       : HikariPool-1 - Shutdown completed.
