14:18:33:208  INFO 10076 --- [main] com.hmall.trade.TradeApplication         : The following 1 profile is active: "local"
14:18:33:716  INFO 10076 --- [main] o.s.cloud.context.scope.GenericScope     : BeanFactory id=a6adf015-c1a7-34c4-90a9-74a6af3352aa
14:18:33:750  INFO 10076 --- [main] trationDelegate$BeanPostProcessorChecker : Bean 'io.seata.spring.boot.autoconfigure.SeataCoreAutoConfiguration' of type [io.seata.spring.boot.autoconfigure.SeataCoreAutoConfiguration] is not eligible for getting processed by all BeanPostProcessors (for example: not eligible for auto-proxying)
14:18:33:750  INFO 10076 --- [main] trationDelegate$BeanPostProcessorChecker : Bean 'springApplicationContextProvider' of type [io.seata.spring.boot.autoconfigure.provider.SpringApplicationContextProvider] is not eligible for getting processed by all BeanPostProcessors (for example: not eligible for auto-proxying)
14:18:33:752  INFO 10076 --- [main] trationDelegate$BeanPostProcessorChecker : Bean 'io.seata.spring.boot.autoconfigure.SeataAutoConfiguration' of type [io.seata.spring.boot.autoconfigure.SeataAutoConfiguration] is not eligible for getting processed by all BeanPostProcessors (for example: not eligible for auto-proxying)
14:18:33:777  INFO 10076 --- [main] trationDelegate$BeanPostProcessorChecker : Bean 'failureHandler' of type [io.seata.tm.api.DefaultFailureHandlerImpl] is not eligible for getting processed by all BeanPostProcessors (for example: not eligible for auto-proxying)
14:18:33:779  INFO 10076 --- [main] trationDelegate$BeanPostProcessorChecker : Bean 'org.springframework.cloud.commons.config.CommonsConfigAutoConfiguration' of type [org.springframework.cloud.commons.config.CommonsConfigAutoConfiguration] is not eligible for getting processed by all BeanPostProcessors (for example: not eligible for auto-proxying)
14:18:33:779  INFO 10076 --- [main] trationDelegate$BeanPostProcessorChecker : Bean 'org.springframework.cloud.client.loadbalancer.LoadBalancerDefaultMappingsProviderAutoConfiguration' of type [org.springframework.cloud.client.loadbalancer.LoadBalancerDefaultMappingsProviderAutoConfiguration] is not eligible for getting processed by all BeanPostProcessors (for example: not eligible for auto-proxying)
14:18:33:779  INFO 10076 --- [main] trationDelegate$BeanPostProcessorChecker : Bean 'loadBalancerClientsDefaultsMappingsProvider' of type [org.springframework.cloud.client.loadbalancer.LoadBalancerDefaultMappingsProviderAutoConfiguration$$Lambda$575/0x0000029c375e3878] is not eligible for getting processed by all BeanPostProcessors (for example: not eligible for auto-proxying)
14:18:33:780  INFO 10076 --- [main] trationDelegate$BeanPostProcessorChecker : Bean 'defaultsBindHandlerAdvisor' of type [org.springframework.cloud.commons.config.DefaultsBindHandlerAdvisor] is not eligible for getting processed by all BeanPostProcessors (for example: not eligible for auto-proxying)
14:18:33:781  INFO 10076 --- [main] trationDelegate$BeanPostProcessorChecker : Bean 'springCloudAlibabaConfiguration' of type [io.seata.spring.boot.autoconfigure.properties.SpringCloudAlibabaConfiguration] is not eligible for getting processed by all BeanPostProcessors (for example: not eligible for auto-proxying)
14:18:33:782  INFO 10076 --- [main] trationDelegate$BeanPostProcessorChecker : Bean 'seataProperties' of type [io.seata.spring.boot.autoconfigure.properties.SeataProperties] is not eligible for getting processed by all BeanPostProcessors (for example: not eligible for auto-proxying)
14:18:33:783  INFO 10076 --- [main] i.s.s.b.a.SeataAutoConfiguration         : Automatically configure Seata
14:18:33:817  INFO 10076 --- [main] io.seata.config.ConfigurationFactory     : load Configuration from :Spring Configuration
14:18:33:820  INFO 10076 --- [main] io.seata.config.ConfigurationFactory     : load Configuration from :Spring Configuration
14:18:33:856  INFO 10076 --- [main] i.s.s.a.GlobalTransactionScanner         : Initializing Global Transaction Clients ... 
14:18:33:898  INFO 10076 --- [main] i.s.core.rpc.netty.NettyClientBootstrap  : NettyClientBootstrap has started
14:18:34:258  INFO 10076 --- [main] com.alibaba.nacos.common.remote.client   : [RpcClientFactory] create a new rpc client of a58f1ed9-1048-4835-9c38-a4022a469556
14:18:34:258  INFO 10076 --- [main] com.alibaba.nacos.common.remote.client   : [a58f1ed9-1048-4835-9c38-a4022a469556] RpcClient init label, labels = {module=naming, source=sdk}
14:18:34:259  INFO 10076 --- [main] com.alibaba.nacos.common.remote.client   : [a58f1ed9-1048-4835-9c38-a4022a469556] RpcClient init, ServerListFactory = com.alibaba.nacos.client.naming.core.ServerListManager
14:18:34:259  INFO 10076 --- [main] com.alibaba.nacos.common.remote.client   : [a58f1ed9-1048-4835-9c38-a4022a469556] Registry connection listener to current client:com.alibaba.nacos.client.naming.remote.gprc.redo.NamingGrpcRedoService
14:18:34:259  INFO 10076 --- [main] com.alibaba.nacos.common.remote.client   : [a58f1ed9-1048-4835-9c38-a4022a469556] Register server push request handler:com.alibaba.nacos.client.naming.remote.gprc.NamingPushRequestHandler
14:18:34:259  INFO 10076 --- [main] com.alibaba.nacos.common.remote.client   : [a58f1ed9-1048-4835-9c38-a4022a469556] Try to connect to server on start up, server: {serverIp = '192.168.200.131', server main port = 8848}
14:18:34:384  INFO 10076 --- [main] com.alibaba.nacos.common.remote.client   : [a58f1ed9-1048-4835-9c38-a4022a469556] Success to connect to server [192.168.200.131:8848] on start up, connectionId = 1732688314090_192.168.200.1_50455
14:18:34:384  INFO 10076 --- [main] com.alibaba.nacos.common.remote.client   : [a58f1ed9-1048-4835-9c38-a4022a469556] Register server push request handler:com.alibaba.nacos.common.remote.client.RpcClient$ConnectResetRequestHandler
14:18:34:384  INFO 10076 --- [main] com.alibaba.nacos.common.remote.client   : [a58f1ed9-1048-4835-9c38-a4022a469556] Register server push request handler:com.alibaba.nacos.common.remote.client.RpcClient$$Lambda$484/0x0000029c374ce9a8
14:18:34:384  INFO 10076 --- [com.alibaba.nacos.client.remote.worker] com.alibaba.nacos.common.remote.client   : [a58f1ed9-1048-4835-9c38-a4022a469556] Notify connected event to listeners.
14:18:34:406 ERROR 10076 --- [main] i.s.c.r.netty.NettyClientChannelManager  : no available service found in cluster 'default', please make sure registry config correct and keep your seata server running
14:18:34:406  INFO 10076 --- [main] i.s.s.a.GlobalTransactionScanner         : Transaction Manager Client is initialized. applicationId[trade-service] txServiceGroup[hmall]
14:18:34:414  INFO 10076 --- [main] io.seata.rm.datasource.AsyncWorker       : Async Commit Buffer Limit: 10000
14:18:34:414  INFO 10076 --- [main] i.s.rm.datasource.xa.ResourceManagerXA   : ResourceManagerXA init ...
14:18:34:425  INFO 10076 --- [main] i.s.core.rpc.netty.NettyClientBootstrap  : NettyClientBootstrap has started
14:18:34:425  INFO 10076 --- [main] i.s.s.a.GlobalTransactionScanner         : Resource Manager is initialized. applicationId[trade-service] txServiceGroup[hmall]
14:18:34:425  INFO 10076 --- [main] i.s.s.a.GlobalTransactionScanner         : Global Transaction Clients are initialized. 
14:18:34:427  INFO 10076 --- [main] trationDelegate$BeanPostProcessorChecker : Bean 'io.seata.spring.boot.autoconfigure.SeataDataSourceAutoConfiguration' of type [io.seata.spring.boot.autoconfigure.SeataDataSourceAutoConfiguration] is not eligible for getting processed by all BeanPostProcessors (for example: not eligible for auto-proxying)
14:18:34:514  INFO 10076 --- [main] trationDelegate$BeanPostProcessorChecker : Bean 'com.alibaba.cloud.seata.feign.SeataFeignClientAutoConfiguration$FeignBeanPostProcessorConfiguration' of type [com.alibaba.cloud.seata.feign.SeataFeignClientAutoConfiguration$FeignBeanPostProcessorConfiguration] is not eligible for getting processed by all BeanPostProcessors (for example: not eligible for auto-proxying)
14:18:34:515  INFO 10076 --- [main] trationDelegate$BeanPostProcessorChecker : Bean 'seataFeignObjectWrapper' of type [com.alibaba.cloud.seata.feign.SeataFeignObjectWrapper] is not eligible for getting processed by all BeanPostProcessors (for example: not eligible for auto-proxying)
14:18:34:634  INFO 10076 --- [main] o.s.b.w.embedded.tomcat.TomcatWebServer  : Tomcat initialized with port(s): 8085 (http)
14:18:34:639  INFO 10076 --- [main] o.apache.catalina.core.StandardService   : Starting service [Tomcat]
14:18:34:639  INFO 10076 --- [main] org.apache.catalina.core.StandardEngine  : Starting Servlet engine: [Apache Tomcat/9.0.75]
14:18:34:712  INFO 10076 --- [main] o.a.c.c.C.[Tomcat].[localhost].[/]       : Initializing Spring embedded WebApplicationContext
14:18:34:712  INFO 10076 --- [main] w.s.c.ServletWebServerApplicationContext : Root WebApplicationContext: initialization completed in 1483 ms
14:18:34:830  INFO 10076 --- [main] o.s.c.openfeign.FeignClientFactoryBean   : For 'item-service' URL not provided. Will try picking an instance via load-balancing.
14:18:34:996  INFO 10076 --- [nacos-grpc-client-executor-4] com.alibaba.nacos.common.remote.client   : [a58f1ed9-1048-4835-9c38-a4022a469556] Receive server push request, request = NotifySubscriberRequest, requestId = 26
14:18:34:996  INFO 10076 --- [nacos-grpc-client-executor-4] com.alibaba.nacos.common.remote.client   : [a58f1ed9-1048-4835-9c38-a4022a469556] Ack server push request, request = NotifySubscriberRequest, requestId = 26
14:18:35:058  INFO 10076 --- [main] com.zaxxer.hikari.HikariDataSource       : HikariPool-1 - Starting...
14:18:35:191  INFO 10076 --- [main] com.zaxxer.hikari.HikariDataSource       : HikariPool-1 - Start completed.
14:18:35:199 ERROR 10076 --- [main] i.s.c.r.netty.NettyClientChannelManager  : no available service found in cluster 'default', please make sure registry config correct and keep your seata server running
14:18:35:469  INFO 10076 --- [main] o.s.c.openfeign.FeignClientFactoryBean   : For 'cart-service' URL not provided. Will try picking an instance via load-balancing.
14:18:35:485  INFO 10076 --- [main] i.s.s.a.GlobalTransactionScanner         : Bean[com.hmall.trade.service.Impl.OrderServiceImpl$$EnhancerBySpringCGLIB$$6f16c733] with name [orderServiceImpl] would use interceptor [io.seata.spring.annotation.GlobalTransactionalInterceptor]
14:18:36:819  INFO 10076 --- [main] o.s.cloud.commons.util.InetUtils         : Cannot determine local hostname
14:18:36:856  INFO 10076 --- [main] pertySourcedRequestMappingHandlerMapping : Mapped URL path [/v2/api-docs] onto method [springfox.documentation.swagger2.web.Swagger2ControllerWebMvc#getDocumentation(String, HttpServletRequest)]
14:18:37:980  INFO 10076 --- [main] o.s.cloud.commons.util.InetUtils         : Cannot determine local hostname
14:18:38:065  INFO 10076 --- [main] com.alibaba.nacos.common.remote.client   : [RpcClientFactory] create a new rpc client of 6a2ccf28-5aff-4700-9303-0af32d206561
14:18:38:065  INFO 10076 --- [main] com.alibaba.nacos.common.remote.client   : [6a2ccf28-5aff-4700-9303-0af32d206561] RpcClient init label, labels = {module=naming, source=sdk}
14:18:38:066  INFO 10076 --- [main] com.alibaba.nacos.common.remote.client   : [6a2ccf28-5aff-4700-9303-0af32d206561] RpcClient init, ServerListFactory = com.alibaba.nacos.client.naming.core.ServerListManager
14:18:38:066  INFO 10076 --- [main] com.alibaba.nacos.common.remote.client   : [6a2ccf28-5aff-4700-9303-0af32d206561] Registry connection listener to current client:com.alibaba.nacos.client.naming.remote.gprc.redo.NamingGrpcRedoService
14:18:38:066  INFO 10076 --- [main] com.alibaba.nacos.common.remote.client   : [6a2ccf28-5aff-4700-9303-0af32d206561] Register server push request handler:com.alibaba.nacos.client.naming.remote.gprc.NamingPushRequestHandler
14:18:38:066  INFO 10076 --- [main] com.alibaba.nacos.common.remote.client   : [6a2ccf28-5aff-4700-9303-0af32d206561] Try to connect to server on start up, server: {serverIp = '192.168.200.131', server main port = 8848}
14:18:38:181  INFO 10076 --- [main] com.alibaba.nacos.common.remote.client   : [6a2ccf28-5aff-4700-9303-0af32d206561] Success to connect to server [192.168.200.131:8848] on start up, connectionId = 1732688317895_192.168.200.1_50466
14:18:38:181  INFO 10076 --- [main] com.alibaba.nacos.common.remote.client   : [6a2ccf28-5aff-4700-9303-0af32d206561] Register server push request handler:com.alibaba.nacos.common.remote.client.RpcClient$ConnectResetRequestHandler
14:18:38:181  INFO 10076 --- [main] com.alibaba.nacos.common.remote.client   : [6a2ccf28-5aff-4700-9303-0af32d206561] Register server push request handler:com.alibaba.nacos.common.remote.client.RpcClient$$Lambda$484/0x0000029c374ce9a8
14:18:38:182  INFO 10076 --- [com.alibaba.nacos.client.remote.worker] com.alibaba.nacos.common.remote.client   : [6a2ccf28-5aff-4700-9303-0af32d206561] Notify connected event to listeners.
14:18:38:201  INFO 10076 --- [main] o.s.b.w.embedded.tomcat.TomcatWebServer  : Tomcat started on port(s): 8085 (http) with context path ''
14:18:38:212  INFO 10076 --- [main] c.a.c.n.registry.NacosServiceRegistry    : nacos registry, DEFAULT_GROUP trade-service 192.168.251.239:8085 register finished
14:18:38:724  INFO 10076 --- [nacos-grpc-client-executor-6] com.alibaba.nacos.common.remote.client   : [6a2ccf28-5aff-4700-9303-0af32d206561] Receive server push request, request = NotifySubscriberRequest, requestId = 27
14:18:38:731  INFO 10076 --- [nacos-grpc-client-executor-6] com.alibaba.nacos.common.remote.client   : [6a2ccf28-5aff-4700-9303-0af32d206561] Ack server push request, request = NotifySubscriberRequest, requestId = 27
14:18:39:305  INFO 10076 --- [main] o.s.cloud.commons.util.InetUtils         : Cannot determine local hostname
14:18:39:307  INFO 10076 --- [main] d.s.w.p.DocumentationPluginsBootstrapper : Documentation plugins bootstrapped
14:18:39:313  INFO 10076 --- [main] d.s.w.p.DocumentationPluginsBootstrapper : Found 1 custom documentation plugin(s)
14:18:39:344  INFO 10076 --- [main] s.d.s.w.s.ApiListingReferenceScanner     : Scanning for api listing references
14:18:39:360  INFO 10076 --- [main] com.hmall.trade.TradeApplication         : Started TradeApplication in 9.752 seconds (JVM running for 10.157)
14:18:39:365  INFO 10076 --- [main] c.a.c.n.refresh.NacosContextRefresher    : [Nacos Config] Listening config: dataId=trade-service, group=DEFAULT_GROUP
14:18:39:365  INFO 10076 --- [main] c.a.c.n.refresh.NacosContextRefresher    : [Nacos Config] Listening config: dataId=trade-service-local.yaml, group=DEFAULT_GROUP
14:18:39:365  INFO 10076 --- [main] c.a.c.n.refresh.NacosContextRefresher    : [Nacos Config] Listening config: dataId=trade-service.yaml, group=DEFAULT_GROUP
14:19:33:893 ERROR 10076 --- [timeoutChecker_1_1] i.s.c.r.netty.NettyClientChannelManager  : no available service found in cluster 'default', please make sure registry config correct and keep your seata server running
14:19:34:425 ERROR 10076 --- [timeoutChecker_2_1] i.s.c.r.netty.NettyClientChannelManager  : no available service found in cluster 'default', please make sure registry config correct and keep your seata server running
14:19:43:893 ERROR 10076 --- [timeoutChecker_1_1] i.s.c.r.netty.NettyClientChannelManager  : no available service found in cluster 'default', please make sure registry config correct and keep your seata server running
14:19:44:435 ERROR 10076 --- [timeoutChecker_2_1] i.s.c.r.netty.NettyClientChannelManager  : no available service found in cluster 'default', please make sure registry config correct and keep your seata server running
14:19:53:894 ERROR 10076 --- [timeoutChecker_1_1] i.s.c.r.netty.NettyClientChannelManager  : no available service found in cluster 'default', please make sure registry config correct and keep your seata server running
14:19:54:425 ERROR 10076 --- [timeoutChecker_2_1] i.s.c.r.netty.NettyClientChannelManager  : no available service found in cluster 'default', please make sure registry config correct and keep your seata server running
14:20:03:893 ERROR 10076 --- [timeoutChecker_1_1] i.s.c.r.netty.NettyClientChannelManager  : no available service found in cluster 'default', please make sure registry config correct and keep your seata server running
14:20:04:434 ERROR 10076 --- [timeoutChecker_2_1] i.s.c.r.netty.NettyClientChannelManager  : no available service found in cluster 'default', please make sure registry config correct and keep your seata server running
14:20:13:906 ERROR 10076 --- [timeoutChecker_1_1] i.s.c.r.netty.NettyClientChannelManager  : no available service found in cluster 'default', please make sure registry config correct and keep your seata server running
14:20:14:425 ERROR 10076 --- [timeoutChecker_2_1] i.s.c.r.netty.NettyClientChannelManager  : no available service found in cluster 'default', please make sure registry config correct and keep your seata server running
14:20:23:894 ERROR 10076 --- [timeoutChecker_1_1] i.s.c.r.netty.NettyClientChannelManager  : no available service found in cluster 'default', please make sure registry config correct and keep your seata server running
14:20:24:426 ERROR 10076 --- [timeoutChecker_2_1] i.s.c.r.netty.NettyClientChannelManager  : no available service found in cluster 'default', please make sure registry config correct and keep your seata server running
14:20:33:893 ERROR 10076 --- [timeoutChecker_1_1] i.s.c.r.netty.NettyClientChannelManager  : no available service found in cluster 'default', please make sure registry config correct and keep your seata server running
14:20:34:426 ERROR 10076 --- [timeoutChecker_2_1] i.s.c.r.netty.NettyClientChannelManager  : no available service found in cluster 'default', please make sure registry config correct and keep your seata server running
14:20:43:894 ERROR 10076 --- [timeoutChecker_1_1] i.s.c.r.netty.NettyClientChannelManager  : no available service found in cluster 'default', please make sure registry config correct and keep your seata server running
14:20:44:425 ERROR 10076 --- [timeoutChecker_2_1] i.s.c.r.netty.NettyClientChannelManager  : no available service found in cluster 'default', please make sure registry config correct and keep your seata server running
14:20:53:894 ERROR 10076 --- [timeoutChecker_1_1] i.s.c.r.netty.NettyClientChannelManager  : no available service found in cluster 'default', please make sure registry config correct and keep your seata server running
14:20:54:425 ERROR 10076 --- [timeoutChecker_2_1] i.s.c.r.netty.NettyClientChannelManager  : no available service found in cluster 'default', please make sure registry config correct and keep your seata server running
14:21:03:894 ERROR 10076 --- [timeoutChecker_1_1] i.s.c.r.netty.NettyClientChannelManager  : no available service found in cluster 'default', please make sure registry config correct and keep your seata server running
14:21:04:427 ERROR 10076 --- [timeoutChecker_2_1] i.s.c.r.netty.NettyClientChannelManager  : no available service found in cluster 'default', please make sure registry config correct and keep your seata server running
14:21:13:894 ERROR 10076 --- [timeoutChecker_1_1] i.s.c.r.netty.NettyClientChannelManager  : no available service found in cluster 'default', please make sure registry config correct and keep your seata server running
14:21:14:435 ERROR 10076 --- [timeoutChecker_2_1] i.s.c.r.netty.NettyClientChannelManager  : no available service found in cluster 'default', please make sure registry config correct and keep your seata server running
14:21:21:751  WARN 10076 --- [Thread-5] c.a.nacos.common.notify.NotifyCenter     : [NotifyCenter] Start destroying Publisher
14:21:21:751  WARN 10076 --- [Thread-1] c.a.n.common.http.HttpClientBeanHolder   : [HttpClientBeanHolder] Start destroying common HttpClient
14:21:21:751  WARN 10076 --- [Thread-5] c.a.nacos.common.notify.NotifyCenter     : [NotifyCenter] Destruction of the end
14:21:21:752  WARN 10076 --- [Thread-1] c.a.n.common.http.HttpClientBeanHolder   : [HttpClientBeanHolder] Destruction of the end
14:21:21:778  INFO 10076 --- [SpringContextShutdownHook] c.a.c.n.registry.NacosServiceRegistry    : De-registering from Nacos Server now...
14:21:21:785  INFO 10076 --- [SpringContextShutdownHook] c.a.c.n.registry.NacosServiceRegistry    : De-registration finished.
14:21:22:089  INFO 10076 --- [SpringContextShutdownHook] com.alibaba.nacos.common.remote.client   : Shutdown rpc client, set status to shutdown
14:21:22:089  INFO 10076 --- [SpringContextShutdownHook] com.alibaba.nacos.common.remote.client   : Shutdown client event executor java.util.concurrent.ScheduledThreadPoolExecutor@2bd99966[Running, pool size = 2, active threads = 2, queued tasks = 0, completed tasks = 0]
14:21:22:089  INFO 10076 --- [SpringContextShutdownHook] com.alibaba.nacos.common.remote.client   : Close current connection 1732688317895_192.168.200.1_50466
14:21:22:091  INFO 10076 --- [nacos-grpc-client-executor-45] c.a.n.c.remote.client.grpc.GrpcClient    : [1732688317895_192.168.200.1_50466]Ignore complete event,isRunning:false,isAbandon=false
14:21:22:092  INFO 10076 --- [SpringContextShutdownHook] c.a.n.c.remote.client.grpc.GrpcClient    : Shutdown grpc executor java.util.concurrent.ThreadPoolExecutor@3b53486f[Running, pool size = 5, active threads = 0, queued tasks = 0, completed tasks = 46]
14:21:22:093  INFO 10076 --- [SpringContextShutdownHook] com.zaxxer.hikari.HikariDataSource       : HikariPool-1 - Shutdown initiated...
14:21:22:105  INFO 10076 --- [SpringContextShutdownHook] com.zaxxer.hikari.HikariDataSource       : HikariPool-1 - Shutdown completed.
