15:50:21:450  INFO 18392 --- [main] com.hmall.item.ItemApplication           : Starting ItemApplication using Java 18.0.1 on TianXuan4 with PID 18392 (C:\Users\86132\Desktop\helv\hmall\item-service\target\classes started by 86132 in C:\Users\86132\Desktop\helv\hmall)
15:50:21:454 DEBUG 18392 --- [main] com.hmall.item.ItemApplication           : Running with Spring Boot v2.7.12, Spring v5.3.27
15:50:21:454  INFO 18392 --- [main] com.hmall.item.ItemApplication           : The following 1 profile is active: "local"
15:50:22:726  INFO 18392 --- [main] o.s.cloud.context.scope.GenericScope     : BeanFactory id=34af7032-8c77-341e-ba46-07b62f1fe288
15:50:23:166  INFO 18392 --- [main] o.s.b.w.embedded.tomcat.TomcatWebServer  : Tomcat initialized with port(s): 8081 (http)
15:50:23:181  INFO 18392 --- [main] o.apache.catalina.core.StandardService   : Starting service [Tomcat]
15:50:23:181  INFO 18392 --- [main] org.apache.catalina.core.StandardEngine  : Starting Servlet engine: [Apache Tomcat/9.0.75]
15:50:23:342  INFO 18392 --- [main] o.a.c.c.C.[Tomcat].[localhost].[/]       : Initializing Spring embedded WebApplicationContext
15:50:23:343  INFO 18392 --- [main] w.s.c.ServletWebServerApplicationContext : Root WebApplicationContext: initialization completed in 1827 ms
15:50:25:893  INFO 18392 --- [main] o.s.cloud.commons.util.InetUtils         : Cannot determine local hostname
15:50:25:931  INFO 18392 --- [main] pertySourcedRequestMappingHandlerMapping : Mapped URL path [/v2/api-docs] onto method [springfox.documentation.swagger2.web.Swagger2ControllerWebMvc#getDocumentation(String, HttpServletRequest)]
15:50:27:219  INFO 18392 --- [main] o.s.cloud.commons.util.InetUtils         : Cannot determine local hostname
15:50:27:388  INFO 18392 --- [main] com.alibaba.nacos.common.remote.client   : [RpcClientFactory] create a new rpc client of 36c45270-5ffb-43ad-aaeb-d2157567df48
15:50:27:495  INFO 18392 --- [main] org.reflections.Reflections              : Reflections took 48 ms to scan 1 urls, producing 3 keys and 6 values 
15:50:27:526  INFO 18392 --- [main] org.reflections.Reflections              : Reflections took 10 ms to scan 1 urls, producing 4 keys and 9 values 
15:50:27:540  INFO 18392 --- [main] org.reflections.Reflections              : Reflections took 7 ms to scan 1 urls, producing 3 keys and 10 values 
15:50:27:542  WARN 18392 --- [main] org.reflections.Reflections              : given scan urls are empty. set urls in the configuration
15:50:27:551  INFO 18392 --- [main] org.reflections.Reflections              : Reflections took 7 ms to scan 1 urls, producing 1 keys and 5 values 
15:50:27:563  INFO 18392 --- [main] org.reflections.Reflections              : Reflections took 9 ms to scan 1 urls, producing 1 keys and 7 values 
15:50:27:583  INFO 18392 --- [main] org.reflections.Reflections              : Reflections took 18 ms to scan 1 urls, producing 2 keys and 8 values 
15:50:27:587  WARN 18392 --- [main] org.reflections.Reflections              : given scan urls are empty. set urls in the configuration
15:50:27:587  INFO 18392 --- [main] com.alibaba.nacos.common.remote.client   : [36c45270-5ffb-43ad-aaeb-d2157567df48] RpcClient init label, labels = {module=naming, source=sdk}
15:50:27:590  INFO 18392 --- [main] com.alibaba.nacos.common.remote.client   : [36c45270-5ffb-43ad-aaeb-d2157567df48] RpcClient init, ServerListFactory = com.alibaba.nacos.client.naming.core.ServerListManager
15:50:27:590  INFO 18392 --- [main] com.alibaba.nacos.common.remote.client   : [36c45270-5ffb-43ad-aaeb-d2157567df48] Registry connection listener to current client:com.alibaba.nacos.client.naming.remote.gprc.redo.NamingGrpcRedoService
15:50:27:591  INFO 18392 --- [main] com.alibaba.nacos.common.remote.client   : [36c45270-5ffb-43ad-aaeb-d2157567df48] Register server push request handler:com.alibaba.nacos.client.naming.remote.gprc.NamingPushRequestHandler
15:50:27:596  INFO 18392 --- [main] com.alibaba.nacos.common.remote.client   : [36c45270-5ffb-43ad-aaeb-d2157567df48] Try to connect to server on start up, server: {serverIp = '192.168.200.131', server main port = 8848}
15:50:29:688  INFO 18392 --- [main] com.alibaba.nacos.common.remote.client   : [36c45270-5ffb-43ad-aaeb-d2157567df48] Success to connect to server [192.168.200.131:8848] on start up, connectionId = 1732261829432_192.168.200.1_57603
15:50:29:690  INFO 18392 --- [com.alibaba.nacos.client.remote.worker] com.alibaba.nacos.common.remote.client   : [36c45270-5ffb-43ad-aaeb-d2157567df48] Notify connected event to listeners.
15:50:29:690  INFO 18392 --- [main] com.alibaba.nacos.common.remote.client   : [36c45270-5ffb-43ad-aaeb-d2157567df48] Register server push request handler:com.alibaba.nacos.common.remote.client.RpcClient$ConnectResetRequestHandler
15:50:29:691  INFO 18392 --- [main] com.alibaba.nacos.common.remote.client   : [36c45270-5ffb-43ad-aaeb-d2157567df48] Register server push request handler:com.alibaba.nacos.common.remote.client.RpcClient$$Lambda$918/0x0000000801322c58
15:50:29:856 ERROR 18392 --- [main] com.alibaba.nacos.common.remote.client   : Connection is unregistered, switch server, connectionId = 1732261829432_192.168.200.1_57603, request = SubscribeServiceRequest
15:50:29:857  INFO 18392 --- [com.alibaba.nacos.client.remote.worker] com.alibaba.nacos.common.remote.client   : [36c45270-5ffb-43ad-aaeb-d2157567df48] Try to reconnect to a new server, server is  not appointed, will choose a random server.
15:50:29:968 ERROR 18392 --- [main] com.alibaba.nacos.common.remote.client   : Send request fail, request = SubscribeServiceRequest{headers={}, requestId='null'}, retryTimes = 0, errorMessage = Connection is unregistered.
15:50:30:076 ERROR 18392 --- [main] com.alibaba.nacos.common.remote.client   : Send request fail, request = SubscribeServiceRequest{headers={}, requestId='null'}, retryTimes = 1, errorMessage = Client not connected, current status:UNHEALTHY
15:50:30:123  INFO 18392 --- [com.alibaba.nacos.client.remote.worker] com.alibaba.nacos.common.remote.client   : [36c45270-5ffb-43ad-aaeb-d2157567df48] Success to connect a server [192.168.200.131:8848], connectionId = 1732261830719_192.168.200.1_57624
15:50:30:123  INFO 18392 --- [com.alibaba.nacos.client.remote.worker] com.alibaba.nacos.common.remote.client   : [36c45270-5ffb-43ad-aaeb-d2157567df48] Abandon prev connection, server is 192.168.200.131:8848, connectionId is 1732261829432_192.168.200.1_57603
15:50:30:124  INFO 18392 --- [com.alibaba.nacos.client.remote.worker] com.alibaba.nacos.common.remote.client   : Close current connection 1732261829432_192.168.200.1_57603
15:50:30:130  INFO 18392 --- [com.alibaba.nacos.client.remote.worker] com.alibaba.nacos.common.remote.client   : [36c45270-5ffb-43ad-aaeb-d2157567df48] Notify disconnected event to listeners
15:50:30:132  INFO 18392 --- [com.alibaba.nacos.client.remote.worker] com.alibaba.nacos.common.remote.client   : [36c45270-5ffb-43ad-aaeb-d2157567df48] Notify connected event to listeners.
15:50:30:132  WARN 18392 --- [nacos-grpc-client-executor-11] c.a.n.c.remote.client.grpc.GrpcClient    : [1732261829432_192.168.200.1_57603]Ignore error event,isRunning:true,isAbandon=true
15:50:30:185 ERROR 18392 --- [main] com.alibaba.nacos.common.remote.client   : Send request fail, request = SubscribeServiceRequest{headers={}, requestId='null'}, retryTimes = 2, errorMessage = Client not connected, current status:UNHEALTHY
15:50:30:193 ERROR 18392 --- [main] c.a.cloud.nacos.discovery.NacosWatch     : namingService subscribe failed, properties:NacosDiscoveryProperties{serverAddr='192.168.200.131', username='', password='', endpoint='', namespace='', watchDelay=30000, logName='', service='item-service', weight=1.0, clusterName='DEFAULT', group='DEFAULT_GROUP', namingLoadCacheAtStart='false', metadata={preserved.register.source=SPRING_CLOUD}, registerEnabled=true, ip='192.168.195.239', networkInterface='', port=-1, secure=false, accessKey='', secretKey='', heartBeatInterval=null, heartBeatTimeout=null, ipDeleteTimeout=null, instanceEnabled=true, ephemeral=true, failureToleranceEnabled=false}, ipDeleteTimeout=null, failFast=true}

com.alibaba.nacos.api.exception.NacosException: Request nacos server failed: 
	at com.alibaba.nacos.client.naming.remote.gprc.NamingGrpcClientProxy.requestToServer(NamingGrpcClientProxy.java:290) ~[nacos-client-2.0.4.jar:na]
	at com.alibaba.nacos.client.naming.remote.gprc.NamingGrpcClientProxy.doSubscribe(NamingGrpcClientProxy.java:230) ~[nacos-client-2.0.4.jar:na]
	at com.alibaba.nacos.client.naming.remote.gprc.NamingGrpcClientProxy.subscribe(NamingGrpcClientProxy.java:215) ~[nacos-client-2.0.4.jar:na]
	at com.alibaba.nacos.client.naming.remote.NamingClientProxyDelegate.subscribe(NamingClientProxyDelegate.java:147) ~[nacos-client-2.0.4.jar:na]
	at com.alibaba.nacos.client.naming.NacosNamingService.subscribe(NacosNamingService.java:393) ~[nacos-client-2.0.4.jar:na]
	at com.alibaba.cloud.nacos.discovery.NacosWatch.start(NacosWatch.java:132) ~[spring-cloud-starter-alibaba-nacos-discovery-2021.0.4.0.jar:2021.0.4.0]
	at org.springframework.context.support.DefaultLifecycleProcessor.doStart(DefaultLifecycleProcessor.java:178) ~[spring-context-5.3.27.jar:5.3.27]
	at org.springframework.context.support.DefaultLifecycleProcessor.access$200(DefaultLifecycleProcessor.java:54) ~[spring-context-5.3.27.jar:5.3.27]
	at org.springframework.context.support.DefaultLifecycleProcessor$LifecycleGroup.start(DefaultLifecycleProcessor.java:356) ~[spring-context-5.3.27.jar:5.3.27]
	at java.base/java.lang.Iterable.forEach(Iterable.java:75) ~[na:na]
	at org.springframework.context.support.DefaultLifecycleProcessor.startBeans(DefaultLifecycleProcessor.java:155) ~[spring-context-5.3.27.jar:5.3.27]
	at org.springframework.context.support.DefaultLifecycleProcessor.onRefresh(DefaultLifecycleProcessor.java:123) ~[spring-context-5.3.27.jar:5.3.27]
	at org.springframework.context.support.AbstractApplicationContext.finishRefresh(AbstractApplicationContext.java:937) ~[spring-context-5.3.27.jar:5.3.27]
	at org.springframework.context.support.AbstractApplicationContext.refresh(AbstractApplicationContext.java:586) ~[spring-context-5.3.27.jar:5.3.27]
	at org.springframework.boot.web.servlet.context.ServletWebServerApplicationContext.refresh(ServletWebServerApplicationContext.java:147) ~[spring-boot-2.7.12.jar:2.7.12]
	at org.springframework.boot.SpringApplication.refresh(SpringApplication.java:731) ~[spring-boot-2.7.12.jar:2.7.12]
	at org.springframework.boot.SpringApplication.refreshContext(SpringApplication.java:408) ~[spring-boot-2.7.12.jar:2.7.12]
	at org.springframework.boot.SpringApplication.run(SpringApplication.java:307) ~[spring-boot-2.7.12.jar:2.7.12]
	at org.springframework.boot.SpringApplication.run(SpringApplication.java:1303) ~[spring-boot-2.7.12.jar:2.7.12]
	at org.springframework.boot.SpringApplication.run(SpringApplication.java:1292) ~[spring-boot-2.7.12.jar:2.7.12]
	at com.hmall.item.ItemApplication.main(ItemApplication.java:12) ~[classes/:na]
Caused by: com.alibaba.nacos.api.exception.NacosException: Client not connected, current status:UNHEALTHY
	at com.alibaba.nacos.common.remote.client.RpcClient.request(RpcClient.java:650) ~[nacos-client-2.0.4.jar:na]
	at com.alibaba.nacos.common.remote.client.RpcClient.request(RpcClient.java:630) ~[nacos-client-2.0.4.jar:na]
	at com.alibaba.nacos.client.naming.remote.gprc.NamingGrpcClientProxy.requestToServer(NamingGrpcClientProxy.java:280) ~[nacos-client-2.0.4.jar:na]
	... 20 common frames omitted

15:50:30:212  INFO 18392 --- [main] o.s.b.w.embedded.tomcat.TomcatWebServer  : Tomcat started on port(s): 8081 (http) with context path ''
15:50:30:257  INFO 18392 --- [com.alibaba.nacos.client.remote.worker] com.alibaba.nacos.common.remote.client   : [36c45270-5ffb-43ad-aaeb-d2157567df48] Try to reconnect to a new server, server is  not appointed, will choose a random server.
15:50:30:323 ERROR 18392 --- [main] com.alibaba.nacos.common.remote.client   : Send request fail, request = InstanceRequest{headers={app=unknown}, requestId='null'}, retryTimes = 0, errorMessage = Client not connected, current status:UNHEALTHY
15:50:30:404  INFO 18392 --- [com.alibaba.nacos.client.remote.worker] com.alibaba.nacos.common.remote.client   : [36c45270-5ffb-43ad-aaeb-d2157567df48] Success to connect a server [192.168.200.131:8848], connectionId = 1732261831103_192.168.200.1_57627
15:50:30:423  INFO 18392 --- [com.alibaba.nacos.client.remote.worker] com.alibaba.nacos.common.remote.client   : [36c45270-5ffb-43ad-aaeb-d2157567df48] Abandon prev connection, server is 192.168.200.131:8848, connectionId is 1732261830719_192.168.200.1_57624
15:50:30:439 ERROR 18392 --- [main] com.alibaba.nacos.common.remote.client   : Send request fail, request = InstanceRequest{headers={app=unknown}, requestId='null'}, retryTimes = 1, errorMessage = Client not connected, current status:UNHEALTHY
15:50:30:428  INFO 18392 --- [com.alibaba.nacos.client.remote.worker] com.alibaba.nacos.common.remote.client   : Close current connection 1732261830719_192.168.200.1_57624
15:50:30:443  INFO 18392 --- [com.alibaba.nacos.client.remote.worker] com.alibaba.nacos.common.remote.client   : [36c45270-5ffb-43ad-aaeb-d2157567df48] Notify disconnected event to listeners
15:50:30:444  INFO 18392 --- [com.alibaba.nacos.client.remote.worker] com.alibaba.nacos.common.remote.client   : [36c45270-5ffb-43ad-aaeb-d2157567df48] Notify connected event to listeners.
15:50:30:445  WARN 18392 --- [nacos-grpc-client-executor-18] c.a.n.c.remote.client.grpc.GrpcClient    : [1732261830719_192.168.200.1_57624]Ignore error event,isRunning:true,isAbandon=true
15:50:30:555 ERROR 18392 --- [main] com.alibaba.nacos.common.remote.client   : Send request fail, request = InstanceRequest{headers={app=unknown}, requestId='null'}, retryTimes = 2, errorMessage = Client not connected, current status:UNHEALTHY
15:50:30:557 ERROR 18392 --- [main] c.a.c.n.registry.NacosServiceRegistry    : nacos registry, item-service register failed...NacosRegistration{nacosDiscoveryProperties=NacosDiscoveryProperties{serverAddr='192.168.200.131', username='', password='', endpoint='', namespace='', watchDelay=30000, logName='', service='item-service', weight=1.0, clusterName='DEFAULT', group='DEFAULT_GROUP', namingLoadCacheAtStart='false', metadata={preserved.register.source=SPRING_CLOUD}, registerEnabled=true, ip='192.168.195.239', networkInterface='', port=8081, secure=false, accessKey='', secretKey='', heartBeatInterval=null, heartBeatTimeout=null, ipDeleteTimeout=null, instanceEnabled=true, ephemeral=true, failureToleranceEnabled=false}, ipDeleteTimeout=null, failFast=true}},

com.alibaba.nacos.api.exception.NacosException: Request nacos server failed: 
	at com.alibaba.nacos.client.naming.remote.gprc.NamingGrpcClientProxy.requestToServer(NamingGrpcClientProxy.java:290) ~[nacos-client-2.0.4.jar:na]
	at com.alibaba.nacos.client.naming.remote.gprc.NamingGrpcClientProxy.doRegisterService(NamingGrpcClientProxy.java:129) ~[nacos-client-2.0.4.jar:na]
	at com.alibaba.nacos.client.naming.remote.gprc.NamingGrpcClientProxy.registerService(NamingGrpcClientProxy.java:115) ~[nacos-client-2.0.4.jar:na]
	at com.alibaba.nacos.client.naming.remote.NamingClientProxyDelegate.registerService(NamingClientProxyDelegate.java:94) ~[nacos-client-2.0.4.jar:na]
	at com.alibaba.nacos.client.naming.NacosNamingService.registerInstance(NacosNamingService.java:145) ~[nacos-client-2.0.4.jar:na]
	at com.alibaba.cloud.nacos.registry.NacosServiceRegistry.register(NacosServiceRegistry.java:74) ~[spring-cloud-starter-alibaba-nacos-discovery-2021.0.4.0.jar:2021.0.4.0]
	at org.springframework.cloud.client.serviceregistry.AbstractAutoServiceRegistration.register(AbstractAutoServiceRegistration.java:232) ~[spring-cloud-commons-3.1.3.jar:3.1.3]
	at com.alibaba.cloud.nacos.registry.NacosAutoServiceRegistration.register(NacosAutoServiceRegistration.java:78) ~[spring-cloud-starter-alibaba-nacos-discovery-2021.0.4.0.jar:2021.0.4.0]
	at org.springframework.cloud.client.serviceregistry.AbstractAutoServiceRegistration.start(AbstractAutoServiceRegistration.java:133) ~[spring-cloud-commons-3.1.3.jar:3.1.3]
	at org.springframework.cloud.client.serviceregistry.AbstractAutoServiceRegistration.bind(AbstractAutoServiceRegistration.java:98) ~[spring-cloud-commons-3.1.3.jar:3.1.3]
	at org.springframework.cloud.client.serviceregistry.AbstractAutoServiceRegistration.onApplicationEvent(AbstractAutoServiceRegistration.java:86) ~[spring-cloud-commons-3.1.3.jar:3.1.3]
	at org.springframework.cloud.client.serviceregistry.AbstractAutoServiceRegistration.onApplicationEvent(AbstractAutoServiceRegistration.java:47) ~[spring-cloud-commons-3.1.3.jar:3.1.3]
	at org.springframework.context.event.SimpleApplicationEventMulticaster.doInvokeListener(SimpleApplicationEventMulticaster.java:176) ~[spring-context-5.3.27.jar:5.3.27]
	at org.springframework.context.event.SimpleApplicationEventMulticaster.invokeListener(SimpleApplicationEventMulticaster.java:169) ~[spring-context-5.3.27.jar:5.3.27]
	at org.springframework.context.event.SimpleApplicationEventMulticaster.multicastEvent(SimpleApplicationEventMulticaster.java:143) ~[spring-context-5.3.27.jar:5.3.27]
	at org.springframework.context.support.AbstractApplicationContext.publishEvent(AbstractApplicationContext.java:421) ~[spring-context-5.3.27.jar:5.3.27]
	at org.springframework.context.support.AbstractApplicationContext.publishEvent(AbstractApplicationContext.java:378) ~[spring-context-5.3.27.jar:5.3.27]
	at org.springframework.boot.web.servlet.context.WebServerStartStopLifecycle.start(WebServerStartStopLifecycle.java:46) ~[spring-boot-2.7.12.jar:2.7.12]
	at org.springframework.context.support.DefaultLifecycleProcessor.doStart(DefaultLifecycleProcessor.java:178) ~[spring-context-5.3.27.jar:5.3.27]
	at org.springframework.context.support.DefaultLifecycleProcessor.access$200(DefaultLifecycleProcessor.java:54) ~[spring-context-5.3.27.jar:5.3.27]
	at org.springframework.context.support.DefaultLifecycleProcessor$LifecycleGroup.start(DefaultLifecycleProcessor.java:356) ~[spring-context-5.3.27.jar:5.3.27]
	at java.base/java.lang.Iterable.forEach(Iterable.java:75) ~[na:na]
	at org.springframework.context.support.DefaultLifecycleProcessor.startBeans(DefaultLifecycleProcessor.java:155) ~[spring-context-5.3.27.jar:5.3.27]
	at org.springframework.context.support.DefaultLifecycleProcessor.onRefresh(DefaultLifecycleProcessor.java:123) ~[spring-context-5.3.27.jar:5.3.27]
	at org.springframework.context.support.AbstractApplicationContext.finishRefresh(AbstractApplicationContext.java:937) ~[spring-context-5.3.27.jar:5.3.27]
	at org.springframework.context.support.AbstractApplicationContext.refresh(AbstractApplicationContext.java:586) ~[spring-context-5.3.27.jar:5.3.27]
	at org.springframework.boot.web.servlet.context.ServletWebServerApplicationContext.refresh(ServletWebServerApplicationContext.java:147) ~[spring-boot-2.7.12.jar:2.7.12]
	at org.springframework.boot.SpringApplication.refresh(SpringApplication.java:731) ~[spring-boot-2.7.12.jar:2.7.12]
	at org.springframework.boot.SpringApplication.refreshContext(SpringApplication.java:408) ~[spring-boot-2.7.12.jar:2.7.12]
	at org.springframework.boot.SpringApplication.run(SpringApplication.java:307) ~[spring-boot-2.7.12.jar:2.7.12]
	at org.springframework.boot.SpringApplication.run(SpringApplication.java:1303) ~[spring-boot-2.7.12.jar:2.7.12]
	at org.springframework.boot.SpringApplication.run(SpringApplication.java:1292) ~[spring-boot-2.7.12.jar:2.7.12]
	at com.hmall.item.ItemApplication.main(ItemApplication.java:12) ~[classes/:na]
Caused by: com.alibaba.nacos.api.exception.NacosException: Client not connected, current status:UNHEALTHY
	at com.alibaba.nacos.common.remote.client.RpcClient.request(RpcClient.java:650) ~[nacos-client-2.0.4.jar:na]
	at com.alibaba.nacos.common.remote.client.RpcClient.request(RpcClient.java:630) ~[nacos-client-2.0.4.jar:na]
	at com.alibaba.nacos.client.naming.remote.gprc.NamingGrpcClientProxy.requestToServer(NamingGrpcClientProxy.java:280) ~[nacos-client-2.0.4.jar:na]
	... 32 common frames omitted

15:50:30:558  WARN 18392 --- [main] ConfigServletWebServerApplicationContext : Exception encountered during context initialization - cancelling refresh attempt: org.springframework.context.ApplicationContextException: Failed to start bean 'webServerStartStop'; nested exception is java.lang.reflect.UndeclaredThrowableException
15:50:30:805 ERROR 18392 --- [com.alibaba.nacos.client.naming.updater.0] com.alibaba.nacos.common.remote.client   : Send request fail, request = ServiceQueryRequest{headers={app=unknown}, requestId='null'}, retryTimes = 0, errorMessage = Client not connected, current status:UNHEALTHY
15:50:30:926 ERROR 18392 --- [com.alibaba.nacos.client.naming.updater.0] com.alibaba.nacos.common.remote.client   : Send request fail, request = ServiceQueryRequest{headers={app=unknown}, requestId='null'}, retryTimes = 1, errorMessage = Client not connected, current status:UNHEALTHY
15:50:31:034 ERROR 18392 --- [com.alibaba.nacos.client.naming.updater.0] com.alibaba.nacos.common.remote.client   : Send request fail, request = ServiceQueryRequest{headers={app=unknown}, requestId='null'}, retryTimes = 2, errorMessage = Client not connected, current status:UNHEALTHY
15:50:31:039  INFO 18392 --- [main] com.alibaba.nacos.common.remote.client   : Shutdown rpc client, set status to shutdown
15:50:31:039  INFO 18392 --- [main] com.alibaba.nacos.common.remote.client   : Shutdown client event executor java.util.concurrent.ScheduledThreadPoolExecutor@7cbede2b[Running, pool size = 2, active threads = 2, queued tasks = 0, completed tasks = 0]
15:50:31:040  INFO 18392 --- [main] com.alibaba.nacos.common.remote.client   : Close current connection 1732261831103_192.168.200.1_57627
15:50:31:040  INFO 18392 --- [com.alibaba.nacos.client.remote.worker] com.alibaba.nacos.common.remote.client   : [36c45270-5ffb-43ad-aaeb-d2157567df48] Try to reconnect to a new server, server is  not appointed, will choose a random server.
15:50:31:044  INFO 18392 --- [main] c.a.n.c.remote.client.grpc.GrpcClient    : Shutdown grpc executor java.util.concurrent.ThreadPoolExecutor@706d2bae[Running, pool size = 19, active threads = 0, queued tasks = 0, completed tasks = 19]
15:50:31:045  INFO 18392 --- [com.alibaba.nacos.client.remote.worker] com.alibaba.nacos.common.remote.client   : [36c45270-5ffb-43ad-aaeb-d2157567df48] Client is shutdown, stop reconnect to server
15:50:31:049  INFO 18392 --- [main] com.alibaba.nacos.common.remote.client   : [RpcClientFactory] create a new rpc client of 7bd588b4-f9c9-47fc-8dbe-85a83e03e12e
15:50:31:050  INFO 18392 --- [main] com.alibaba.nacos.common.remote.client   : [7bd588b4-f9c9-47fc-8dbe-85a83e03e12e] RpcClient init label, labels = {module=naming, source=sdk}
15:50:31:051  INFO 18392 --- [main] com.alibaba.nacos.common.remote.client   : [7bd588b4-f9c9-47fc-8dbe-85a83e03e12e] RpcClient init, ServerListFactory = com.alibaba.nacos.client.naming.core.ServerListManager
15:50:31:055  INFO 18392 --- [main] com.alibaba.nacos.common.remote.client   : [7bd588b4-f9c9-47fc-8dbe-85a83e03e12e] Registry connection listener to current client:com.alibaba.nacos.client.naming.remote.gprc.redo.NamingGrpcRedoService
15:50:31:055  INFO 18392 --- [main] com.alibaba.nacos.common.remote.client   : [7bd588b4-f9c9-47fc-8dbe-85a83e03e12e] Register server push request handler:com.alibaba.nacos.client.naming.remote.gprc.NamingPushRequestHandler
15:50:31:056  INFO 18392 --- [main] com.alibaba.nacos.common.remote.client   : [7bd588b4-f9c9-47fc-8dbe-85a83e03e12e] Try to connect to server on start up, server: {serverIp = '192.168.200.131', server main port = 8848}
15:50:34:065 ERROR 18392 --- [main] c.a.n.c.remote.client.grpc.GrpcClient    : Server check fail, please check server 192.168.200.131 ,port 9848 is available , error ={}

java.util.concurrent.TimeoutException: Waited 3000 milliseconds (plus 1 milliseconds, 140100 nanoseconds delay) for com.alibaba.nacos.shaded.io.grpc.stub.ClientCalls$GrpcFuture@2459333a[status=PENDING, info=[GrpcFuture{clientCall={delegate={delegate=ClientCallImpl{method=MethodDescriptor{fullMethodName=Request/request, type=UNARY, idempotent=false, safe=false, sampledToLocalTracing=true, requestMarshaller=com.alibaba.nacos.shaded.io.grpc.protobuf.lite.ProtoLiteUtils$MessageMarshaller@2bd7f686, responseMarshaller=com.alibaba.nacos.shaded.io.grpc.protobuf.lite.ProtoLiteUtils$MessageMarshaller@3601549f, schemaDescriptor=com.alibaba.nacos.api.grpc.auto.RequestGrpc$RequestMethodDescriptorSupplier@5b2c7186}}}}}]]
	at com.alibaba.nacos.shaded.com.google.common.util.concurrent.AbstractFuture.get(AbstractFuture.java:508) ~[nacos-client-2.0.4.jar:na]
	at com.alibaba.nacos.common.remote.client.grpc.GrpcClient.serverCheck(GrpcClient.java:148) ~[nacos-client-2.0.4.jar:na]
	at com.alibaba.nacos.common.remote.client.grpc.GrpcClient.connectToServer(GrpcClient.java:264) ~[nacos-client-2.0.4.jar:na]
	at com.alibaba.nacos.common.remote.client.RpcClient.start(RpcClient.java:390) ~[nacos-client-2.0.4.jar:na]
	at com.alibaba.nacos.client.naming.remote.gprc.NamingGrpcClientProxy.start(NamingGrpcClientProxy.java:96) ~[nacos-client-2.0.4.jar:na]
	at com.alibaba.nacos.client.naming.remote.gprc.NamingGrpcClientProxy.<init>(NamingGrpcClientProxy.java:89) ~[nacos-client-2.0.4.jar:na]
	at com.alibaba.nacos.client.naming.remote.NamingClientProxyDelegate.<init>(NamingClientProxyDelegate.java:76) ~[nacos-client-2.0.4.jar:na]
	at com.alibaba.nacos.client.naming.NacosNamingService.init(NacosNamingService.java:95) ~[nacos-client-2.0.4.jar:na]
	at com.alibaba.nacos.client.naming.NacosNamingService.<init>(NacosNamingService.java:81) ~[nacos-client-2.0.4.jar:na]
	at java.base/jdk.internal.reflect.DirectConstructorHandleAccessor.newInstance(DirectConstructorHandleAccessor.java:67) ~[na:na]
	at java.base/java.lang.reflect.Constructor.newInstanceWithCaller(Constructor.java:499) ~[na:na]
	at java.base/java.lang.reflect.Constructor.newInstance(Constructor.java:483) ~[na:na]
	at com.alibaba.nacos.api.naming.NamingFactory.createNamingService(NamingFactory.java:59) ~[nacos-client-2.0.4.jar:na]
	at com.alibaba.nacos.api.NacosFactory.createNamingService(NacosFactory.java:77) ~[nacos-client-2.0.4.jar:na]
	at com.alibaba.cloud.nacos.NacosServiceManager.createNewNamingService(NacosServiceManager.java:99) ~[spring-cloud-starter-alibaba-nacos-discovery-2021.0.4.0.jar:2021.0.4.0]
	at com.alibaba.cloud.nacos.NacosServiceManager.buildNamingService(NacosServiceManager.java:90) ~[spring-cloud-starter-alibaba-nacos-discovery-2021.0.4.0.jar:2021.0.4.0]
	at com.alibaba.cloud.nacos.NacosServiceManager.getNamingService(NacosServiceManager.java:46) ~[spring-cloud-starter-alibaba-nacos-discovery-2021.0.4.0.jar:2021.0.4.0]
	at com.alibaba.cloud.nacos.discovery.NacosWatch.stop(NacosWatch.java:173) ~[spring-cloud-starter-alibaba-nacos-discovery-2021.0.4.0.jar:2021.0.4.0]
	at com.alibaba.cloud.nacos.discovery.NacosWatch.destroy(NacosWatch.java:204) ~[spring-cloud-starter-alibaba-nacos-discovery-2021.0.4.0.jar:2021.0.4.0]
	at org.springframework.beans.factory.support.DisposableBeanAdapter.destroy(DisposableBeanAdapter.java:213) ~[spring-beans-5.3.27.jar:5.3.27]
	at org.springframework.beans.factory.support.DefaultSingletonBeanRegistry.destroyBean(DefaultSingletonBeanRegistry.java:587) ~[spring-beans-5.3.27.jar:5.3.27]
	at org.springframework.beans.factory.support.DefaultSingletonBeanRegistry.destroySingleton(DefaultSingletonBeanRegistry.java:559) ~[spring-beans-5.3.27.jar:5.3.27]
	at org.springframework.beans.factory.support.DefaultListableBeanFactory.destroySingleton(DefaultListableBeanFactory.java:1163) ~[spring-beans-5.3.27.jar:5.3.27]
	at org.springframework.beans.factory.support.DefaultSingletonBeanRegistry.destroySingletons(DefaultSingletonBeanRegistry.java:520) ~[spring-beans-5.3.27.jar:5.3.27]
	at org.springframework.beans.factory.support.DefaultListableBeanFactory.destroySingletons(DefaultListableBeanFactory.java:1156) ~[spring-beans-5.3.27.jar:5.3.27]
	at org.springframework.context.support.AbstractApplicationContext.destroyBeans(AbstractApplicationContext.java:1108) ~[spring-context-5.3.27.jar:5.3.27]
	at org.springframework.context.support.AbstractApplicationContext.refresh(AbstractApplicationContext.java:596) ~[spring-context-5.3.27.jar:5.3.27]
	at org.springframework.boot.web.servlet.context.ServletWebServerApplicationContext.refresh(ServletWebServerApplicationContext.java:147) ~[spring-boot-2.7.12.jar:2.7.12]
	at org.springframework.boot.SpringApplication.refresh(SpringApplication.java:731) ~[spring-boot-2.7.12.jar:2.7.12]
	at org.springframework.boot.SpringApplication.refreshContext(SpringApplication.java:408) ~[spring-boot-2.7.12.jar:2.7.12]
	at org.springframework.boot.SpringApplication.run(SpringApplication.java:307) ~[spring-boot-2.7.12.jar:2.7.12]
	at org.springframework.boot.SpringApplication.run(SpringApplication.java:1303) ~[spring-boot-2.7.12.jar:2.7.12]
	at org.springframework.boot.SpringApplication.run(SpringApplication.java:1292) ~[spring-boot-2.7.12.jar:2.7.12]
	at com.hmall.item.ItemApplication.main(ItemApplication.java:12) ~[classes/:na]

15:50:34:072  INFO 18392 --- [main] com.alibaba.nacos.common.remote.client   : [7bd588b4-f9c9-47fc-8dbe-85a83e03e12e] Try to connect to server on start up, server: {serverIp = '192.168.200.131', server main port = 8848}
15:50:35:344  INFO 18392 --- [grpc-nio-worker-ELG-1-6] c.a.n.s.i.g.i.AbstractClientStream       : Received trailers on closed stream:
 Metadata(content-type=application/grpc)
 {2}
15:50:35:505  INFO 18392 --- [main] com.alibaba.nacos.common.remote.client   : [7bd588b4-f9c9-47fc-8dbe-85a83e03e12e] Success to connect to server [192.168.200.131:8848] on start up, connectionId = 1732261836175_192.168.200.1_57692
15:50:35:506  INFO 18392 --- [com.alibaba.nacos.client.remote.worker] com.alibaba.nacos.common.remote.client   : [7bd588b4-f9c9-47fc-8dbe-85a83e03e12e] Notify connected event to listeners.
15:50:35:506  INFO 18392 --- [main] com.alibaba.nacos.common.remote.client   : [7bd588b4-f9c9-47fc-8dbe-85a83e03e12e] Register server push request handler:com.alibaba.nacos.common.remote.client.RpcClient$ConnectResetRequestHandler
15:50:35:508  INFO 18392 --- [main] com.alibaba.nacos.common.remote.client   : [7bd588b4-f9c9-47fc-8dbe-85a83e03e12e] Register server push request handler:com.alibaba.nacos.common.remote.client.RpcClient$$Lambda$918/0x0000000801322c58
15:50:35:678  INFO 18392 --- [main] o.apache.catalina.core.StandardService   : Stopping service [Tomcat]
15:50:35:697  INFO 18392 --- [main] ConditionEvaluationReportLoggingListener : 

Error starting ApplicationContext. To display the conditions report re-run your application with 'debug' enabled.
15:50:35:722 ERROR 18392 --- [main] o.s.boot.SpringApplication               : Application run failed

org.springframework.context.ApplicationContextException: Failed to start bean 'webServerStartStop'; nested exception is java.lang.reflect.UndeclaredThrowableException
	at org.springframework.context.support.DefaultLifecycleProcessor.doStart(DefaultLifecycleProcessor.java:181) ~[spring-context-5.3.27.jar:5.3.27]
	at org.springframework.context.support.DefaultLifecycleProcessor.access$200(DefaultLifecycleProcessor.java:54) ~[spring-context-5.3.27.jar:5.3.27]
	at org.springframework.context.support.DefaultLifecycleProcessor$LifecycleGroup.start(DefaultLifecycleProcessor.java:356) ~[spring-context-5.3.27.jar:5.3.27]
	at java.base/java.lang.Iterable.forEach(Iterable.java:75) ~[na:na]
	at org.springframework.context.support.DefaultLifecycleProcessor.startBeans(DefaultLifecycleProcessor.java:155) ~[spring-context-5.3.27.jar:5.3.27]
	at org.springframework.context.support.DefaultLifecycleProcessor.onRefresh(DefaultLifecycleProcessor.java:123) ~[spring-context-5.3.27.jar:5.3.27]
	at org.springframework.context.support.AbstractApplicationContext.finishRefresh(AbstractApplicationContext.java:937) ~[spring-context-5.3.27.jar:5.3.27]
	at org.springframework.context.support.AbstractApplicationContext.refresh(AbstractApplicationContext.java:586) ~[spring-context-5.3.27.jar:5.3.27]
	at org.springframework.boot.web.servlet.context.ServletWebServerApplicationContext.refresh(ServletWebServerApplicationContext.java:147) ~[spring-boot-2.7.12.jar:2.7.12]
	at org.springframework.boot.SpringApplication.refresh(SpringApplication.java:731) ~[spring-boot-2.7.12.jar:2.7.12]
	at org.springframework.boot.SpringApplication.refreshContext(SpringApplication.java:408) ~[spring-boot-2.7.12.jar:2.7.12]
	at org.springframework.boot.SpringApplication.run(SpringApplication.java:307) ~[spring-boot-2.7.12.jar:2.7.12]
	at org.springframework.boot.SpringApplication.run(SpringApplication.java:1303) ~[spring-boot-2.7.12.jar:2.7.12]
	at org.springframework.boot.SpringApplication.run(SpringApplication.java:1292) ~[spring-boot-2.7.12.jar:2.7.12]
	at com.hmall.item.ItemApplication.main(ItemApplication.java:12) ~[classes/:na]
Caused by: java.lang.reflect.UndeclaredThrowableException: null
	at org.springframework.util.ReflectionUtils.rethrowRuntimeException(ReflectionUtils.java:147) ~[spring-core-5.3.27.jar:5.3.27]
	at com.alibaba.cloud.nacos.registry.NacosServiceRegistry.register(NacosServiceRegistry.java:82) ~[spring-cloud-starter-alibaba-nacos-discovery-2021.0.4.0.jar:2021.0.4.0]
	at org.springframework.cloud.client.serviceregistry.AbstractAutoServiceRegistration.register(AbstractAutoServiceRegistration.java:232) ~[spring-cloud-commons-3.1.3.jar:3.1.3]
	at com.alibaba.cloud.nacos.registry.NacosAutoServiceRegistration.register(NacosAutoServiceRegistration.java:78) ~[spring-cloud-starter-alibaba-nacos-discovery-2021.0.4.0.jar:2021.0.4.0]
	at org.springframework.cloud.client.serviceregistry.AbstractAutoServiceRegistration.start(AbstractAutoServiceRegistration.java:133) ~[spring-cloud-commons-3.1.3.jar:3.1.3]
	at org.springframework.cloud.client.serviceregistry.AbstractAutoServiceRegistration.bind(AbstractAutoServiceRegistration.java:98) ~[spring-cloud-commons-3.1.3.jar:3.1.3]
	at org.springframework.cloud.client.serviceregistry.AbstractAutoServiceRegistration.onApplicationEvent(AbstractAutoServiceRegistration.java:86) ~[spring-cloud-commons-3.1.3.jar:3.1.3]
	at org.springframework.cloud.client.serviceregistry.AbstractAutoServiceRegistration.onApplicationEvent(AbstractAutoServiceRegistration.java:47) ~[spring-cloud-commons-3.1.3.jar:3.1.3]
	at org.springframework.context.event.SimpleApplicationEventMulticaster.doInvokeListener(SimpleApplicationEventMulticaster.java:176) ~[spring-context-5.3.27.jar:5.3.27]
	at org.springframework.context.event.SimpleApplicationEventMulticaster.invokeListener(SimpleApplicationEventMulticaster.java:169) ~[spring-context-5.3.27.jar:5.3.27]
	at org.springframework.context.event.SimpleApplicationEventMulticaster.multicastEvent(SimpleApplicationEventMulticaster.java:143) ~[spring-context-5.3.27.jar:5.3.27]
	at org.springframework.context.support.AbstractApplicationContext.publishEvent(AbstractApplicationContext.java:421) ~[spring-context-5.3.27.jar:5.3.27]
	at org.springframework.context.support.AbstractApplicationContext.publishEvent(AbstractApplicationContext.java:378) ~[spring-context-5.3.27.jar:5.3.27]
	at org.springframework.boot.web.servlet.context.WebServerStartStopLifecycle.start(WebServerStartStopLifecycle.java:46) ~[spring-boot-2.7.12.jar:2.7.12]
	at org.springframework.context.support.DefaultLifecycleProcessor.doStart(DefaultLifecycleProcessor.java:178) ~[spring-context-5.3.27.jar:5.3.27]
	... 14 common frames omitted
Caused by: com.alibaba.nacos.api.exception.NacosException: Request nacos server failed: 
	at com.alibaba.nacos.client.naming.remote.gprc.NamingGrpcClientProxy.requestToServer(NamingGrpcClientProxy.java:290) ~[nacos-client-2.0.4.jar:na]
	at com.alibaba.nacos.client.naming.remote.gprc.NamingGrpcClientProxy.doRegisterService(NamingGrpcClientProxy.java:129) ~[nacos-client-2.0.4.jar:na]
	at com.alibaba.nacos.client.naming.remote.gprc.NamingGrpcClientProxy.registerService(NamingGrpcClientProxy.java:115) ~[nacos-client-2.0.4.jar:na]
	at com.alibaba.nacos.client.naming.remote.NamingClientProxyDelegate.registerService(NamingClientProxyDelegate.java:94) ~[nacos-client-2.0.4.jar:na]
	at com.alibaba.nacos.client.naming.NacosNamingService.registerInstance(NacosNamingService.java:145) ~[nacos-client-2.0.4.jar:na]
	at com.alibaba.cloud.nacos.registry.NacosServiceRegistry.register(NacosServiceRegistry.java:74) ~[spring-cloud-starter-alibaba-nacos-discovery-2021.0.4.0.jar:2021.0.4.0]
	... 27 common frames omitted
Caused by: com.alibaba.nacos.api.exception.NacosException: Client not connected, current status:UNHEALTHY
	at com.alibaba.nacos.common.remote.client.RpcClient.request(RpcClient.java:650) ~[nacos-client-2.0.4.jar:na]
	at com.alibaba.nacos.common.remote.client.RpcClient.request(RpcClient.java:630) ~[nacos-client-2.0.4.jar:na]
	at com.alibaba.nacos.client.naming.remote.gprc.NamingGrpcClientProxy.requestToServer(NamingGrpcClientProxy.java:280) ~[nacos-client-2.0.4.jar:na]
	... 32 common frames omitted

15:50:35:724  WARN 18392 --- [Thread-7] c.a.n.common.http.HttpClientBeanHolder   : [HttpClientBeanHolder] Start destroying common HttpClient
15:50:35:724  WARN 18392 --- [Thread-4] c.a.nacos.common.notify.NotifyCenter     : [NotifyCenter] Start destroying Publisher
15:50:35:725  WARN 18392 --- [Thread-7] c.a.n.common.http.HttpClientBeanHolder   : [HttpClientBeanHolder] Destruction of the end
15:50:35:726  WARN 18392 --- [Thread-4] c.a.nacos.common.notify.NotifyCenter     : [NotifyCenter] Destruction of the end
15:51:45:020  INFO 8196 --- [main] com.hmall.item.ItemApplication           : Starting ItemApplication using Java 18.0.1 on TianXuan4 with PID 8196 (C:\Users\86132\Desktop\helv\hmall\item-service\target\classes started by 86132 in C:\Users\86132\Desktop\helv\hmall)
15:51:45:024 DEBUG 8196 --- [main] com.hmall.item.ItemApplication           : Running with Spring Boot v2.7.12, Spring v5.3.27
15:51:45:024  INFO 8196 --- [main] com.hmall.item.ItemApplication           : The following 1 profile is active: "local"
15:51:46:255  INFO 8196 --- [main] o.s.cloud.context.scope.GenericScope     : BeanFactory id=34af7032-8c77-341e-ba46-07b62f1fe288
15:51:46:689  INFO 8196 --- [main] o.s.b.w.embedded.tomcat.TomcatWebServer  : Tomcat initialized with port(s): 8081 (http)
15:51:46:708  INFO 8196 --- [main] o.apache.catalina.core.StandardService   : Starting service [Tomcat]
15:51:46:708  INFO 8196 --- [main] org.apache.catalina.core.StandardEngine  : Starting Servlet engine: [Apache Tomcat/9.0.75]
15:51:46:876  INFO 8196 --- [main] o.a.c.c.C.[Tomcat].[localhost].[/]       : Initializing Spring embedded WebApplicationContext
15:51:46:877  INFO 8196 --- [main] w.s.c.ServletWebServerApplicationContext : Root WebApplicationContext: initialization completed in 1787 ms
15:51:47:199  INFO 12424 --- [main] com.hmall.item.ItemApplication           : Starting ItemApplication using Java 18.0.1 on TianXuan4 with PID 12424 (C:\Users\86132\Desktop\helv\hmall\item-service\target\classes started by 86132 in C:\Users\86132\Desktop\helv\hmall)
15:51:47:202 DEBUG 12424 --- [main] com.hmall.item.ItemApplication           : Running with Spring Boot v2.7.12, Spring v5.3.27
15:51:47:203  INFO 12424 --- [main] com.hmall.item.ItemApplication           : The following 1 profile is active: "local"
15:51:48:237  INFO 12424 --- [main] o.s.cloud.context.scope.GenericScope     : BeanFactory id=34af7032-8c77-341e-ba46-07b62f1fe288
15:51:48:599  INFO 12424 --- [main] o.s.b.w.embedded.tomcat.TomcatWebServer  : Tomcat initialized with port(s): 8083 (http)
15:51:48:611  INFO 12424 --- [main] o.apache.catalina.core.StandardService   : Starting service [Tomcat]
15:51:48:611  INFO 12424 --- [main] org.apache.catalina.core.StandardEngine  : Starting Servlet engine: [Apache Tomcat/9.0.75]
15:51:48:723  INFO 12424 --- [main] o.a.c.c.C.[Tomcat].[localhost].[/]       : Initializing Spring embedded WebApplicationContext
15:51:48:724  INFO 12424 --- [main] w.s.c.ServletWebServerApplicationContext : Root WebApplicationContext: initialization completed in 1469 ms
15:51:49:357  INFO 8196 --- [main] o.s.cloud.commons.util.InetUtils         : Cannot determine local hostname
15:51:49:440  INFO 8196 --- [main] pertySourcedRequestMappingHandlerMapping : Mapped URL path [/v2/api-docs] onto method [springfox.documentation.swagger2.web.Swagger2ControllerWebMvc#getDocumentation(String, HttpServletRequest)]
15:51:50:730  INFO 8196 --- [main] o.s.cloud.commons.util.InetUtils         : Cannot determine local hostname
15:51:50:988  INFO 8196 --- [main] com.alibaba.nacos.common.remote.client   : [RpcClientFactory] create a new rpc client of 78f905ff-9761-465d-a859-c48c7b5caedf
15:51:51:094  INFO 8196 --- [main] org.reflections.Reflections              : Reflections took 49 ms to scan 1 urls, producing 3 keys and 6 values 
15:51:51:128  INFO 8196 --- [main] org.reflections.Reflections              : Reflections took 12 ms to scan 1 urls, producing 4 keys and 9 values 
15:51:51:131  INFO 12424 --- [main] o.s.cloud.commons.util.InetUtils         : Cannot determine local hostname
15:51:51:149  INFO 8196 --- [main] org.reflections.Reflections              : Reflections took 17 ms to scan 1 urls, producing 3 keys and 10 values 
15:51:51:154  WARN 8196 --- [main] org.reflections.Reflections              : given scan urls are empty. set urls in the configuration
15:51:51:166  INFO 8196 --- [main] org.reflections.Reflections              : Reflections took 10 ms to scan 1 urls, producing 1 keys and 5 values 
15:51:51:182  INFO 8196 --- [main] org.reflections.Reflections              : Reflections took 13 ms to scan 1 urls, producing 1 keys and 7 values 
15:51:51:203  INFO 12424 --- [main] pertySourcedRequestMappingHandlerMapping : Mapped URL path [/v2/api-docs] onto method [springfox.documentation.swagger2.web.Swagger2ControllerWebMvc#getDocumentation(String, HttpServletRequest)]
15:51:51:212  INFO 8196 --- [main] org.reflections.Reflections              : Reflections took 26 ms to scan 1 urls, producing 2 keys and 8 values 
15:51:51:229  WARN 8196 --- [main] org.reflections.Reflections              : given scan urls are empty. set urls in the configuration
15:51:51:232  INFO 8196 --- [main] com.alibaba.nacos.common.remote.client   : [78f905ff-9761-465d-a859-c48c7b5caedf] RpcClient init label, labels = {module=naming, source=sdk}
15:51:51:242  INFO 8196 --- [main] com.alibaba.nacos.common.remote.client   : [78f905ff-9761-465d-a859-c48c7b5caedf] RpcClient init, ServerListFactory = com.alibaba.nacos.client.naming.core.ServerListManager
15:51:51:242  INFO 8196 --- [main] com.alibaba.nacos.common.remote.client   : [78f905ff-9761-465d-a859-c48c7b5caedf] Registry connection listener to current client:com.alibaba.nacos.client.naming.remote.gprc.redo.NamingGrpcRedoService
15:51:51:243  INFO 8196 --- [main] com.alibaba.nacos.common.remote.client   : [78f905ff-9761-465d-a859-c48c7b5caedf] Register server push request handler:com.alibaba.nacos.client.naming.remote.gprc.NamingPushRequestHandler
15:51:51:245  INFO 8196 --- [main] com.alibaba.nacos.common.remote.client   : [78f905ff-9761-465d-a859-c48c7b5caedf] Try to connect to server on start up, server: {serverIp = '192.168.200.131', server main port = 8848}
15:51:52:536  INFO 12424 --- [main] o.s.cloud.commons.util.InetUtils         : Cannot determine local hostname
15:51:52:695  INFO 12424 --- [main] com.alibaba.nacos.common.remote.client   : [RpcClientFactory] create a new rpc client of 93fc1c56-3754-4960-9ecb-956160b306dd
15:51:52:759  INFO 8196 --- [main] com.alibaba.nacos.common.remote.client   : [78f905ff-9761-465d-a859-c48c7b5caedf] Success to connect to server [192.168.200.131:8848] on start up, connectionId = 1732261913345_192.168.200.1_61379
15:51:52:761  INFO 8196 --- [com.alibaba.nacos.client.remote.worker] com.alibaba.nacos.common.remote.client   : [78f905ff-9761-465d-a859-c48c7b5caedf] Notify connected event to listeners.
15:51:52:761  INFO 8196 --- [main] com.alibaba.nacos.common.remote.client   : [78f905ff-9761-465d-a859-c48c7b5caedf] Register server push request handler:com.alibaba.nacos.common.remote.client.RpcClient$ConnectResetRequestHandler
15:51:52:801  INFO 8196 --- [main] com.alibaba.nacos.common.remote.client   : [78f905ff-9761-465d-a859-c48c7b5caedf] Register server push request handler:com.alibaba.nacos.common.remote.client.RpcClient$$Lambda$918/0x00000008013039a8
15:51:52:826  INFO 12424 --- [main] org.reflections.Reflections              : Reflections took 91 ms to scan 1 urls, producing 3 keys and 6 values 
15:51:52:858  INFO 12424 --- [main] org.reflections.Reflections              : Reflections took 10 ms to scan 1 urls, producing 4 keys and 9 values 
15:51:52:872  INFO 12424 --- [main] org.reflections.Reflections              : Reflections took 10 ms to scan 1 urls, producing 3 keys and 10 values 
15:51:52:875  WARN 12424 --- [main] org.reflections.Reflections              : given scan urls are empty. set urls in the configuration
15:51:52:886  INFO 12424 --- [main] org.reflections.Reflections              : Reflections took 10 ms to scan 1 urls, producing 1 keys and 5 values 
15:51:52:898  INFO 12424 --- [main] org.reflections.Reflections              : Reflections took 9 ms to scan 1 urls, producing 1 keys and 7 values 
15:51:52:915  INFO 12424 --- [main] org.reflections.Reflections              : Reflections took 14 ms to scan 1 urls, producing 2 keys and 8 values 
15:51:52:917  WARN 12424 --- [main] org.reflections.Reflections              : given scan urls are empty. set urls in the configuration
15:51:52:918  INFO 12424 --- [main] com.alibaba.nacos.common.remote.client   : [93fc1c56-3754-4960-9ecb-956160b306dd] RpcClient init label, labels = {module=naming, source=sdk}
15:51:52:921  INFO 12424 --- [main] com.alibaba.nacos.common.remote.client   : [93fc1c56-3754-4960-9ecb-956160b306dd] RpcClient init, ServerListFactory = com.alibaba.nacos.client.naming.core.ServerListManager
15:51:52:921  INFO 12424 --- [main] com.alibaba.nacos.common.remote.client   : [93fc1c56-3754-4960-9ecb-956160b306dd] Registry connection listener to current client:com.alibaba.nacos.client.naming.remote.gprc.redo.NamingGrpcRedoService
15:51:52:922  INFO 12424 --- [main] com.alibaba.nacos.common.remote.client   : [93fc1c56-3754-4960-9ecb-956160b306dd] Register server push request handler:com.alibaba.nacos.client.naming.remote.gprc.NamingPushRequestHandler
15:51:52:924  INFO 12424 --- [main] com.alibaba.nacos.common.remote.client   : [93fc1c56-3754-4960-9ecb-956160b306dd] Try to connect to server on start up, server: {serverIp = '192.168.200.131', server main port = 8848}
15:51:52:928  INFO 8196 --- [main] o.s.b.w.embedded.tomcat.TomcatWebServer  : Tomcat started on port(s): 8081 (http) with context path ''
15:51:53:004  INFO 8196 --- [main] c.a.c.n.registry.NacosServiceRegistry    : nacos registry, DEFAULT_GROUP item-service 192.168.195.239:8081 register finished
15:51:53:605  INFO 8196 --- [nacos-grpc-client-executor-8] com.alibaba.nacos.common.remote.client   : [78f905ff-9761-465d-a859-c48c7b5caedf] Receive server push request, request = NotifySubscriberRequest, requestId = 2
15:51:53:609  INFO 8196 --- [nacos-grpc-client-executor-8] com.alibaba.nacos.common.remote.client   : [78f905ff-9761-465d-a859-c48c7b5caedf] Ack server push request, request = NotifySubscriberRequest, requestId = 2
15:51:54:098  INFO 12424 --- [main] com.alibaba.nacos.common.remote.client   : [93fc1c56-3754-4960-9ecb-956160b306dd] Success to connect to server [192.168.200.131:8848] on start up, connectionId = 1732261914699_192.168.200.1_61494
15:51:54:100  INFO 12424 --- [com.alibaba.nacos.client.remote.worker] com.alibaba.nacos.common.remote.client   : [93fc1c56-3754-4960-9ecb-956160b306dd] Notify connected event to listeners.
15:51:54:101  INFO 12424 --- [main] com.alibaba.nacos.common.remote.client   : [93fc1c56-3754-4960-9ecb-956160b306dd] Register server push request handler:com.alibaba.nacos.common.remote.client.RpcClient$ConnectResetRequestHandler
15:51:54:101  INFO 12424 --- [main] com.alibaba.nacos.common.remote.client   : [93fc1c56-3754-4960-9ecb-956160b306dd] Register server push request handler:com.alibaba.nacos.common.remote.client.RpcClient$$Lambda$918/0x0000000801328638
15:51:54:220  INFO 8196 --- [main] o.s.cloud.commons.util.InetUtils         : Cannot determine local hostname
15:51:54:221  INFO 8196 --- [main] d.s.w.p.DocumentationPluginsBootstrapper : Documentation plugins bootstrapped
15:51:54:228  INFO 8196 --- [main] d.s.w.p.DocumentationPluginsBootstrapper : Found 1 custom documentation plugin(s)
15:51:54:238  INFO 12424 --- [main] o.s.b.w.embedded.tomcat.TomcatWebServer  : Tomcat started on port(s): 8083 (http) with context path ''
15:51:54:271  INFO 8196 --- [main] s.d.s.w.s.ApiListingReferenceScanner     : Scanning for api listing references
15:51:54:281  INFO 12424 --- [main] c.a.c.n.registry.NacosServiceRegistry    : nacos registry, DEFAULT_GROUP item-service 192.168.195.239:8083 register finished
15:51:54:420  INFO 8196 --- [main] com.hmall.item.ItemApplication           : Started ItemApplication in 11.332 seconds (JVM running for 12.203)
15:51:54:642  INFO 8196 --- [nacos-grpc-client-executor-11] com.alibaba.nacos.common.remote.client   : [78f905ff-9761-465d-a859-c48c7b5caedf] Receive server push request, request = NotifySubscriberRequest, requestId = 3
15:51:54:650  INFO 8196 --- [nacos-grpc-client-executor-11] com.alibaba.nacos.common.remote.client   : [78f905ff-9761-465d-a859-c48c7b5caedf] Ack server push request, request = NotifySubscriberRequest, requestId = 3
15:51:54:663  INFO 12424 --- [nacos-grpc-client-executor-9] com.alibaba.nacos.common.remote.client   : [93fc1c56-3754-4960-9ecb-956160b306dd] Receive server push request, request = NotifySubscriberRequest, requestId = 4
15:51:54:679  INFO 12424 --- [nacos-grpc-client-executor-9] com.alibaba.nacos.common.remote.client   : [93fc1c56-3754-4960-9ecb-956160b306dd] Ack server push request, request = NotifySubscriberRequest, requestId = 4
15:51:55:501  INFO 12424 --- [main] o.s.cloud.commons.util.InetUtils         : Cannot determine local hostname
15:51:55:502  INFO 12424 --- [main] d.s.w.p.DocumentationPluginsBootstrapper : Documentation plugins bootstrapped
15:51:55:507  INFO 12424 --- [main] d.s.w.p.DocumentationPluginsBootstrapper : Found 1 custom documentation plugin(s)
15:51:55:543  INFO 12424 --- [main] s.d.s.w.s.ApiListingReferenceScanner     : Scanning for api listing references
15:51:55:698  INFO 12424 --- [main] com.hmall.item.ItemApplication           : Started ItemApplication in 10.478 seconds (JVM running for 11.18)
15:52:15:601  WARN 8196 --- [Thread-4] c.a.nacos.common.notify.NotifyCenter     : [NotifyCenter] Start destroying Publisher
15:52:15:602  WARN 8196 --- [Thread-7] c.a.n.common.http.HttpClientBeanHolder   : [HttpClientBeanHolder] Start destroying common HttpClient
15:52:15:602  WARN 8196 --- [Thread-4] c.a.nacos.common.notify.NotifyCenter     : [NotifyCenter] Destruction of the end
15:52:15:604  WARN 8196 --- [Thread-7] c.a.n.common.http.HttpClientBeanHolder   : [HttpClientBeanHolder] Destruction of the end
15:52:15:658  INFO 8196 --- [SpringApplicationShutdownHook] c.a.c.n.registry.NacosServiceRegistry    : De-registering from Nacos Server now...
15:52:15:670  INFO 8196 --- [SpringApplicationShutdownHook] c.a.c.n.registry.NacosServiceRegistry    : De-registration finished.
15:52:15:994  INFO 8196 --- [SpringApplicationShutdownHook] com.alibaba.nacos.common.remote.client   : Shutdown rpc client, set status to shutdown
15:52:15:994  INFO 8196 --- [SpringApplicationShutdownHook] com.alibaba.nacos.common.remote.client   : Shutdown client event executor java.util.concurrent.ScheduledThreadPoolExecutor@74ab1761[Running, pool size = 2, active threads = 2, queued tasks = 0, completed tasks = 0]
15:52:15:994  INFO 8196 --- [SpringApplicationShutdownHook] com.alibaba.nacos.common.remote.client   : Close current connection 1732261913345_192.168.200.1_61379
15:52:16:002  INFO 8196 --- [nacos-grpc-client-executor-19] c.a.n.c.remote.client.grpc.GrpcClient    : [1732261913345_192.168.200.1_61379]Ignore complete event,isRunning:false,isAbandon=false
15:52:16:007  INFO 8196 --- [SpringApplicationShutdownHook] c.a.n.c.remote.client.grpc.GrpcClient    : Shutdown grpc executor java.util.concurrent.ThreadPoolExecutor@1ab9170f[Running, pool size = 6, active threads = 0, queued tasks = 0, completed tasks = 20]
15:52:16:246  INFO 12424 --- [nacos-grpc-client-executor-15] com.alibaba.nacos.common.remote.client   : [93fc1c56-3754-4960-9ecb-956160b306dd] Receive server push request, request = NotifySubscriberRequest, requestId = 5
15:52:16:251  INFO 12424 --- [nacos-grpc-client-executor-15] com.alibaba.nacos.common.remote.client   : [93fc1c56-3754-4960-9ecb-956160b306dd] Ack server push request, request = NotifySubscriberRequest, requestId = 5
15:52:17:356  WARN 12424 --- [Thread-4] c.a.nacos.common.notify.NotifyCenter     : [NotifyCenter] Start destroying Publisher
15:52:17:356  WARN 12424 --- [Thread-7] c.a.n.common.http.HttpClientBeanHolder   : [HttpClientBeanHolder] Start destroying common HttpClient
15:52:17:357  WARN 12424 --- [Thread-4] c.a.nacos.common.notify.NotifyCenter     : [NotifyCenter] Destruction of the end
15:52:17:357  WARN 12424 --- [Thread-7] c.a.n.common.http.HttpClientBeanHolder   : [HttpClientBeanHolder] Destruction of the end
15:52:17:420  INFO 12424 --- [SpringApplicationShutdownHook] c.a.c.n.registry.NacosServiceRegistry    : De-registering from Nacos Server now...
15:52:17:458  INFO 12424 --- [SpringApplicationShutdownHook] c.a.c.n.registry.NacosServiceRegistry    : De-registration finished.
15:52:17:786  INFO 12424 --- [SpringApplicationShutdownHook] com.alibaba.nacos.common.remote.client   : Shutdown rpc client, set status to shutdown
15:52:17:786  INFO 12424 --- [SpringApplicationShutdownHook] com.alibaba.nacos.common.remote.client   : Shutdown client event executor java.util.concurrent.ScheduledThreadPoolExecutor@77badafe[Running, pool size = 2, active threads = 2, queued tasks = 0, completed tasks = 0]
15:52:17:786  INFO 12424 --- [SpringApplicationShutdownHook] com.alibaba.nacos.common.remote.client   : Close current connection 1732261914699_192.168.200.1_61494
15:52:17:789  INFO 12424 --- [nacos-grpc-client-executor-19] c.a.n.c.remote.client.grpc.GrpcClient    : [1732261914699_192.168.200.1_61494]Ignore complete event,isRunning:false,isAbandon=false
15:52:17:792  INFO 12424 --- [SpringApplicationShutdownHook] c.a.n.c.remote.client.grpc.GrpcClient    : Shutdown grpc executor java.util.concurrent.ThreadPoolExecutor@2e2d1bae[Running, pool size = 8, active threads = 0, queued tasks = 0, completed tasks = 20]
15:52:51:545  INFO 15656 --- [main] com.hmall.item.ItemApplication           : Starting ItemApplication using Java 18.0.1 on TianXuan4 with PID 15656 (C:\Users\86132\Desktop\helv\hmall\item-service\target\classes started by 86132 in C:\Users\86132\Desktop\helv\hmall)
15:52:51:549 DEBUG 15656 --- [main] com.hmall.item.ItemApplication           : Running with Spring Boot v2.7.12, Spring v5.3.27
15:52:51:549  INFO 15656 --- [main] com.hmall.item.ItemApplication           : The following 1 profile is active: "local"
15:52:52:806  INFO 15656 --- [main] o.s.cloud.context.scope.GenericScope     : BeanFactory id=34af7032-8c77-341e-ba46-07b62f1fe288
15:52:53:206  INFO 15656 --- [main] o.s.b.w.embedded.tomcat.TomcatWebServer  : Tomcat initialized with port(s): 8081 (http)
15:52:53:219  INFO 15656 --- [main] o.apache.catalina.core.StandardService   : Starting service [Tomcat]
15:52:53:220  INFO 15656 --- [main] org.apache.catalina.core.StandardEngine  : Starting Servlet engine: [Apache Tomcat/9.0.75]
15:52:53:380  INFO 15656 --- [main] o.a.c.c.C.[Tomcat].[localhost].[/]       : Initializing Spring embedded WebApplicationContext
15:52:53:381  INFO 15656 --- [main] w.s.c.ServletWebServerApplicationContext : Root WebApplicationContext: initialization completed in 1776 ms
15:52:56:098  INFO 15656 --- [main] o.s.cloud.commons.util.InetUtils         : Cannot determine local hostname
15:52:56:145  INFO 15656 --- [main] pertySourcedRequestMappingHandlerMapping : Mapped URL path [/v2/api-docs] onto method [springfox.documentation.swagger2.web.Swagger2ControllerWebMvc#getDocumentation(String, HttpServletRequest)]
15:52:58:022  INFO 15656 --- [main] o.s.cloud.commons.util.InetUtils         : Cannot determine local hostname
15:52:58:306  INFO 15656 --- [main] com.alibaba.nacos.common.remote.client   : [RpcClientFactory] create a new rpc client of a432d99a-089c-4467-b443-6c11c8687e14
15:52:58:526  INFO 15656 --- [main] org.reflections.Reflections              : Reflections took 140 ms to scan 1 urls, producing 3 keys and 6 values 
15:52:58:750  INFO 15656 --- [main] org.reflections.Reflections              : Reflections took 44 ms to scan 1 urls, producing 4 keys and 9 values 
15:52:58:771  INFO 15656 --- [main] org.reflections.Reflections              : Reflections took 15 ms to scan 1 urls, producing 3 keys and 10 values 
15:52:58:775  WARN 15656 --- [main] org.reflections.Reflections              : given scan urls are empty. set urls in the configuration
15:52:58:790  INFO 15656 --- [main] org.reflections.Reflections              : Reflections took 12 ms to scan 1 urls, producing 1 keys and 5 values 
15:52:58:806  INFO 15656 --- [main] org.reflections.Reflections              : Reflections took 12 ms to scan 1 urls, producing 1 keys and 7 values 
15:52:58:831  INFO 15656 --- [main] org.reflections.Reflections              : Reflections took 19 ms to scan 1 urls, producing 2 keys and 8 values 
15:52:58:834  WARN 15656 --- [main] org.reflections.Reflections              : given scan urls are empty. set urls in the configuration
15:52:58:835  INFO 15656 --- [main] com.alibaba.nacos.common.remote.client   : [a432d99a-089c-4467-b443-6c11c8687e14] RpcClient init label, labels = {module=naming, source=sdk}
15:52:58:838  INFO 15656 --- [main] com.alibaba.nacos.common.remote.client   : [a432d99a-089c-4467-b443-6c11c8687e14] RpcClient init, ServerListFactory = com.alibaba.nacos.client.naming.core.ServerListManager
15:52:58:839  INFO 15656 --- [main] com.alibaba.nacos.common.remote.client   : [a432d99a-089c-4467-b443-6c11c8687e14] Registry connection listener to current client:com.alibaba.nacos.client.naming.remote.gprc.redo.NamingGrpcRedoService
15:52:58:840  INFO 15656 --- [main] com.alibaba.nacos.common.remote.client   : [a432d99a-089c-4467-b443-6c11c8687e14] Register server push request handler:com.alibaba.nacos.client.naming.remote.gprc.NamingPushRequestHandler
15:52:58:843  INFO 15656 --- [main] com.alibaba.nacos.common.remote.client   : [a432d99a-089c-4467-b443-6c11c8687e14] Try to connect to server on start up, server: {serverIp = '192.168.200.131', server main port = 8848}
15:53:02:286  INFO 15656 --- [main] com.alibaba.nacos.common.remote.client   : [a432d99a-089c-4467-b443-6c11c8687e14] Success to connect to server [192.168.200.131:8848] on start up, connectionId = 1732261982829_192.168.200.1_64033
15:53:02:287  INFO 15656 --- [com.alibaba.nacos.client.remote.worker] com.alibaba.nacos.common.remote.client   : [a432d99a-089c-4467-b443-6c11c8687e14] Notify connected event to listeners.
15:53:02:288  INFO 15656 --- [main] com.alibaba.nacos.common.remote.client   : [a432d99a-089c-4467-b443-6c11c8687e14] Register server push request handler:com.alibaba.nacos.common.remote.client.RpcClient$ConnectResetRequestHandler
15:53:02:288  INFO 15656 --- [main] com.alibaba.nacos.common.remote.client   : [a432d99a-089c-4467-b443-6c11c8687e14] Register server push request handler:com.alibaba.nacos.common.remote.client.RpcClient$$Lambda$918/0x0000000801327a60
15:53:02:471  INFO 15656 --- [main] o.s.b.w.embedded.tomcat.TomcatWebServer  : Tomcat started on port(s): 8081 (http) with context path ''
15:53:02:521  INFO 15656 --- [main] c.a.c.n.registry.NacosServiceRegistry    : nacos registry, DEFAULT_GROUP item-service 192.168.195.239:8081 register finished
15:53:03:247  INFO 15656 --- [nacos-grpc-client-executor-7] com.alibaba.nacos.common.remote.client   : [a432d99a-089c-4467-b443-6c11c8687e14] Receive server push request, request = NotifySubscriberRequest, requestId = 6
15:53:03:257  INFO 15656 --- [nacos-grpc-client-executor-7] com.alibaba.nacos.common.remote.client   : [a432d99a-089c-4467-b443-6c11c8687e14] Ack server push request, request = NotifySubscriberRequest, requestId = 6
15:53:04:310  INFO 15656 --- [main] o.s.cloud.commons.util.InetUtils         : Cannot determine local hostname
15:53:04:311  INFO 15656 --- [main] d.s.w.p.DocumentationPluginsBootstrapper : Documentation plugins bootstrapped
15:53:04:317  INFO 15656 --- [main] d.s.w.p.DocumentationPluginsBootstrapper : Found 1 custom documentation plugin(s)
15:53:04:370  INFO 15656 --- [main] s.d.s.w.s.ApiListingReferenceScanner     : Scanning for api listing references
15:53:04:550  INFO 15656 --- [main] com.hmall.item.ItemApplication           : Started ItemApplication in 15.449 seconds (JVM running for 16.311)
15:53:07:522  INFO 2968 --- [main] com.hmall.item.ItemApplication           : Starting ItemApplication using Java 18.0.1 on TianXuan4 with PID 2968 (C:\Users\86132\Desktop\helv\hmall\item-service\target\classes started by 86132 in C:\Users\86132\Desktop\helv\hmall)
15:53:07:525 DEBUG 2968 --- [main] com.hmall.item.ItemApplication           : Running with Spring Boot v2.7.12, Spring v5.3.27
15:53:07:526  INFO 2968 --- [main] com.hmall.item.ItemApplication           : The following 1 profile is active: "local"
15:53:08:855  INFO 2968 --- [main] o.s.cloud.context.scope.GenericScope     : BeanFactory id=34af7032-8c77-341e-ba46-07b62f1fe288
15:53:09:377  INFO 2968 --- [main] o.s.b.w.embedded.tomcat.TomcatWebServer  : Tomcat initialized with port(s): 8083 (http)
15:53:09:394  INFO 2968 --- [main] o.apache.catalina.core.StandardService   : Starting service [Tomcat]
15:53:09:395  INFO 2968 --- [main] org.apache.catalina.core.StandardEngine  : Starting Servlet engine: [Apache Tomcat/9.0.75]
15:53:09:587  INFO 2968 --- [main] o.a.c.c.C.[Tomcat].[localhost].[/]       : Initializing Spring embedded WebApplicationContext
15:53:09:587  INFO 2968 --- [main] w.s.c.ServletWebServerApplicationContext : Root WebApplicationContext: initialization completed in 1996 ms
15:53:12:435  INFO 2968 --- [main] o.s.cloud.commons.util.InetUtils         : Cannot determine local hostname
15:53:12:603  INFO 2968 --- [main] pertySourcedRequestMappingHandlerMapping : Mapped URL path [/v2/api-docs] onto method [springfox.documentation.swagger2.web.Swagger2ControllerWebMvc#getDocumentation(String, HttpServletRequest)]
15:53:14:070  INFO 2968 --- [main] o.s.cloud.commons.util.InetUtils         : Cannot determine local hostname
15:53:14:349  INFO 2968 --- [main] com.alibaba.nacos.common.remote.client   : [RpcClientFactory] create a new rpc client of d7cada38-cbac-43dc-b392-0471de828752
15:53:14:586  INFO 2968 --- [main] org.reflections.Reflections              : Reflections took 130 ms to scan 1 urls, producing 3 keys and 6 values 
15:53:14:674  INFO 2968 --- [main] org.reflections.Reflections              : Reflections took 22 ms to scan 1 urls, producing 4 keys and 9 values 
15:53:14:701  INFO 2968 --- [main] org.reflections.Reflections              : Reflections took 17 ms to scan 1 urls, producing 3 keys and 10 values 
15:53:14:706  WARN 2968 --- [main] org.reflections.Reflections              : given scan urls are empty. set urls in the configuration
15:53:14:718  INFO 2968 --- [main] org.reflections.Reflections              : Reflections took 11 ms to scan 1 urls, producing 1 keys and 5 values 
15:53:14:735  INFO 2968 --- [main] org.reflections.Reflections              : Reflections took 13 ms to scan 1 urls, producing 1 keys and 7 values 
15:53:14:760  INFO 2968 --- [main] org.reflections.Reflections              : Reflections took 20 ms to scan 1 urls, producing 2 keys and 8 values 
15:53:14:764  WARN 2968 --- [main] org.reflections.Reflections              : given scan urls are empty. set urls in the configuration
15:53:14:765  INFO 2968 --- [main] com.alibaba.nacos.common.remote.client   : [d7cada38-cbac-43dc-b392-0471de828752] RpcClient init label, labels = {module=naming, source=sdk}
15:53:14:771  INFO 2968 --- [main] com.alibaba.nacos.common.remote.client   : [d7cada38-cbac-43dc-b392-0471de828752] RpcClient init, ServerListFactory = com.alibaba.nacos.client.naming.core.ServerListManager
15:53:14:771  INFO 2968 --- [main] com.alibaba.nacos.common.remote.client   : [d7cada38-cbac-43dc-b392-0471de828752] Registry connection listener to current client:com.alibaba.nacos.client.naming.remote.gprc.redo.NamingGrpcRedoService
15:53:14:772  INFO 2968 --- [main] com.alibaba.nacos.common.remote.client   : [d7cada38-cbac-43dc-b392-0471de828752] Register server push request handler:com.alibaba.nacos.client.naming.remote.gprc.NamingPushRequestHandler
15:53:14:775  INFO 2968 --- [main] com.alibaba.nacos.common.remote.client   : [d7cada38-cbac-43dc-b392-0471de828752] Try to connect to server on start up, server: {serverIp = '192.168.200.131', server main port = 8848}
15:53:16:877  INFO 2968 --- [main] com.alibaba.nacos.common.remote.client   : [d7cada38-cbac-43dc-b392-0471de828752] Success to connect to server [192.168.200.131:8848] on start up, connectionId = 1732261997426_192.168.200.1_50538
15:53:16:878  INFO 2968 --- [com.alibaba.nacos.client.remote.worker] com.alibaba.nacos.common.remote.client   : [d7cada38-cbac-43dc-b392-0471de828752] Notify connected event to listeners.
15:53:16:880  INFO 2968 --- [main] com.alibaba.nacos.common.remote.client   : [d7cada38-cbac-43dc-b392-0471de828752] Register server push request handler:com.alibaba.nacos.common.remote.client.RpcClient$ConnectResetRequestHandler
15:53:16:881  INFO 2968 --- [main] com.alibaba.nacos.common.remote.client   : [d7cada38-cbac-43dc-b392-0471de828752] Register server push request handler:com.alibaba.nacos.common.remote.client.RpcClient$$Lambda$918/0x0000000801324a00
15:53:16:982  INFO 2968 --- [main] o.s.b.w.embedded.tomcat.TomcatWebServer  : Tomcat started on port(s): 8083 (http) with context path ''
15:53:17:014  INFO 2968 --- [main] c.a.c.n.registry.NacosServiceRegistry    : nacos registry, DEFAULT_GROUP item-service 192.168.195.239:8083 register finished
15:53:17:453  INFO 15656 --- [nacos-grpc-client-executor-14] com.alibaba.nacos.common.remote.client   : [a432d99a-089c-4467-b443-6c11c8687e14] Receive server push request, request = NotifySubscriberRequest, requestId = 8
15:53:17:458  INFO 15656 --- [nacos-grpc-client-executor-14] com.alibaba.nacos.common.remote.client   : [a432d99a-089c-4467-b443-6c11c8687e14] Ack server push request, request = NotifySubscriberRequest, requestId = 8
15:53:17:463  INFO 2968 --- [nacos-grpc-client-executor-8] com.alibaba.nacos.common.remote.client   : [d7cada38-cbac-43dc-b392-0471de828752] Receive server push request, request = NotifySubscriberRequest, requestId = 7
15:53:17:467  INFO 2968 --- [nacos-grpc-client-executor-8] com.alibaba.nacos.common.remote.client   : [d7cada38-cbac-43dc-b392-0471de828752] Ack server push request, request = NotifySubscriberRequest, requestId = 7
15:53:18:422  INFO 2968 --- [main] o.s.cloud.commons.util.InetUtils         : Cannot determine local hostname
15:53:18:423  INFO 2968 --- [main] d.s.w.p.DocumentationPluginsBootstrapper : Documentation plugins bootstrapped
15:53:18:427  INFO 2968 --- [main] d.s.w.p.DocumentationPluginsBootstrapper : Found 1 custom documentation plugin(s)
15:53:18:494  INFO 2968 --- [main] s.d.s.w.s.ApiListingReferenceScanner     : Scanning for api listing references
15:53:18:795  INFO 2968 --- [main] com.hmall.item.ItemApplication           : Started ItemApplication in 13.466 seconds (JVM running for 14.393)
